<?xml version="1.0" encoding="UTF-8"?>
<testsuite xmlns:xsi="http://www.w3.org/2001/XMLSchema-instance" xsi:noNamespaceSchemaLocation="https://maven.apache.org/surefire/maven-surefire-plugin/xsd/surefire-test-report.xsd" name="org.eclipse.kura.example.ble.tisensortag.dbus.BluetoothLeTest" time="9.12" tests="3" errors="0" skipped="0" failures="0">
  <properties>
    <property name="java.specification.version" value="17"/>
    <property name="log4j.configurationFile" value="file:/home/simone/git/kura-apps/kura-examples/test/org.eclipse.kura.example.ble.tisensortag.dbus.test/../../../emulator/org.eclipse.kura.emulator/src/main/resources/log4j.xml"/>
    <property name="sun.jnu.encoding" value="UTF-8"/>
    <property name="java.class.path" value="/home/simone/git/kura-apps/kura-examples/test/org.eclipse.kura.example.ble.tisensortag.dbus.test/target/test-classes:/home/simone/git/kura-apps/kura-examples/test/org.eclipse.kura.example.ble.tisensortag.dbus.test/target/classes:/home/simone/.m2/repository/org/mockito/mockito-core/4.8.1/mockito-core-4.8.1.jar:/home/simone/.m2/repository/net/bytebuddy/byte-buddy/1.12.16/byte-buddy-1.12.16.jar:/home/simone/.m2/repository/net/bytebuddy/byte-buddy-agent/1.12.16/byte-buddy-agent-1.12.16.jar:/home/simone/.m2/repository/org/objenesis/objenesis/3.2/objenesis-3.2.jar:/home/simone/.m2/repository/junit/junit/4.13.2/junit-4.13.2.jar:/home/simone/.m2/repository/org/hamcrest/hamcrest-core/1.3/hamcrest-core-1.3.jar:/home/simone/git/kura-apps/kura-examples/test/org.eclipse.kura.example.testutil/target/org.eclipse.kura.example.testutil-6.0.0-SNAPSHOT.jar:/home/simone/git/kura-apps/kura-examples/org.eclipse.kura.example.ble.tisensortag.dbus/target/org.eclipse.kura.example.ble.tisensortag.dbus-2.0.0-SNAPSHOT.jar:/home/simone/.m2/repository/p2/osgi/bundle/bcpkix/1.78.1/bcpkix-1.78.1.jar:/home/simone/.m2/repository/p2/osgi/bundle/bcprov/1.78.1/bcprov-1.78.1.jar:/home/simone/.m2/repository/p2/osgi/bundle/bcutil/1.78.1/bcutil-1.78.1.jar:/home/simone/.m2/repository/p2/osgi/bundle/com.google.gson/2.9.0/com.google.gson-2.9.0.jar:/home/simone/.m2/repository/p2/osgi/bundle/com.google.guava/32.1.1.jre/com.google.guava-32.1.1.jre.jar:/home/simone/.m2/repository/p2/osgi/bundle/com.google.guava.failureaccess/1.0.1/com.google.guava.failureaccess-1.0.1.jar:/home/simone/.m2/repository/p2/osgi/bundle/com.sun.xml.bind.jaxb-osgi/4.0.2/com.sun.xml.bind.jaxb-osgi-4.0.2.jar:/home/simone/.m2/repository/p2/osgi/bundle/jakarta.xml.bind-api/4.0.2/jakarta.xml.bind-api-4.0.2.jar:/home/simone/.m2/repository/p2/osgi/bundle/jakarta.activation-api/2.1.2/jakarta.activation-api-2.1.2.jar:/home/simone/.m2/repository/p2/osgi/bundle/com.zaxxer.HikariCP/2.7.9/com.zaxxer.HikariCP-2.7.9.jar:/home/simone/.m2/repository/p2/osgi/bundle/slf4j.api/1.7.36/slf4j.api-1.7.36.jar:/home/simone/.m2/repository/p2/osgi/bundle/jakarta.annotation-api/2.1.1/jakarta.annotation-api-2.1.1.jar:/home/simone/.m2/repository/p2/osgi/bundle/jakarta.inject.jakarta.inject-api/2.0.1/jakarta.inject.jakarta.inject-api-2.0.1.jar:/home/simone/.m2/repository/p2/osgi/bundle/jakarta.validation.jakarta.validation-api/3.0.2/jakarta.validation.jakarta.validation-api-3.0.2.jar:/home/simone/.m2/repository/p2/osgi/bundle/jakarta.ws.rs-api/3.1.0/jakarta.ws.rs-api-3.1.0.jar:/home/simone/.m2/repository/p2/osgi/bundle/javassist/3.30.2.GA/javassist-3.30.2.GA.jar:/home/simone/.m2/repository/p2/osgi/bundle/jul.to.slf4j/1.7.36/jul.to.slf4j-1.7.36.jar:/home/simone/.m2/repository/p2/osgi/bundle/log4j2-api-config/2.0.0.SNAPSHOT/log4j2-api-config-2.0.0.SNAPSHOT.jar:/home/simone/.m2/repository/p2/osgi/bundle/org.apache.logging.log4j.api/2.23.1/org.apache.logging.log4j.api-2.23.1.jar:/home/simone/.m2/repository/p2/osgi/bundle/minimal-json/0.9.5/minimal-json-0.9.5.jar:/home/simone/.m2/repository/p2/osgi/bundle/net.bytebuddy.byte-buddy-agent/1.12.18/net.bytebuddy.byte-buddy-agent-1.12.18.jar:/home/simone/.m2/repository/p2/osgi/bundle/org.apache.aries.spifly.dynamic.bundle/1.3.7/org.apache.aries.spifly.dynamic.bundle-1.3.7.jar:/home/simone/.m2/repository/p2/osgi/bundle/org.objectweb.asm/9.7.1/org.objectweb.asm-9.7.1.jar:/home/simone/.m2/repository/p2/osgi/bundle/org.objectweb.asm.commons/9.7.1/org.objectweb.asm.commons-9.7.1.jar:/home/simone/.m2/repository/p2/osgi/bundle/org.objectweb.asm.util/9.7.1/org.objectweb.asm.util-9.7.1.jar:/home/simone/.m2/repository/p2/osgi/bundle/org.eclipse.osgi/3.21.0.v20240717-2103/org.eclipse.osgi-3.21.0.v20240717-2103.jar:/home/simone/.m2/repository/p2/osgi/bundle/org.apache.commons.commons-io/2.18.0/org.apache.commons.commons-io-2.18.0.jar:/home/simone/.m2/repository/p2/osgi/bundle/org.apache.commons.exec/1.3.0/org.apache.commons.exec-1.3.0.jar:/home/simone/.m2/repository/p2/osgi/bundle/org.apache.commons.lang3/3.12.0/org.apache.commons.lang3-3.12.0.jar:/home/simone/.m2/repository/p2/osgi/bundle/org.apache.felix.dependencymanager/3.0.0/org.apache.felix.dependencymanager-3.0.0.jar:/home/simone/.m2/repository/p2/osgi/bundle/org.osgi.service.cm/1.6.1.202109301733/org.osgi.service.cm-1.6.1.202109301733.jar:/home/simone/.m2/repository/p2/osgi/bundle/org.osgi.service.metatype/1.4.1.202109301733/org.osgi.service.metatype-1.4.1.202109301733.jar:/home/simone/.m2/repository/p2/osgi/bundle/org.apache.felix.deploymentadmin/0.9.5/org.apache.felix.deploymentadmin-0.9.5.jar:/home/simone/.m2/repository/p2/osgi/bundle/org.osgi.service.event/1.4.1.202109301733/org.osgi.service.event-1.4.1.202109301733.jar:/home/simone/.m2/repository/p2/osgi/bundle/org.apache.felix.http.bridge/5.1.8/org.apache.felix.http.bridge-5.1.8.jar:/home/simone/.m2/repository/p2/osgi/bundle/org.apache.felix.http.servlet-api/3.0.0/org.apache.felix.http.servlet-api-3.0.0.jar:/home/simone/.m2/repository/p2/osgi/bundle/org.apache.felix.scr/2.2.12/org.apache.felix.scr-2.2.12.jar:/home/simone/.m2/repository/p2/osgi/bundle/org.osgi.service.component/1.5.1.202212101352/org.osgi.service.component-1.5.1.202212101352.jar:/home/simone/.m2/repository/p2/osgi/bundle/org.osgi.util.promise/1.3.0.202212101352/org.osgi.util.promise-1.3.0.202212101352.jar:/home/simone/.m2/repository/p2/osgi/bundle/org.apache.felix.useradmin/1.0.4.k1/org.apache.felix.useradmin-1.0.4.k1.jar:/home/simone/.m2/repository/p2/osgi/bundle/org.apache.logging.log4j.core/2.23.1/org.apache.logging.log4j.core-2.23.1.jar:/home/simone/.m2/repository/p2/osgi/bundle/org.apache.logging.log4j.slf4j.impl/2.23.1/org.apache.logging.log4j.slf4j.impl-2.23.1.jar:/home/simone/.m2/repository/p2/osgi/bundle/org.apache.servicemix.bundles.c3p0/0.9.5.5_1/org.apache.servicemix.bundles.c3p0-0.9.5.5_1.jar:/home/simone/.m2/repository/p2/osgi/bundle/org.eclipse.core.contenttype/3.9.500.v20240708-0707/org.eclipse.core.contenttype-3.9.500.v20240708-0707.jar:/home/simone/.m2/repository/p2/osgi/bundle/org.eclipse.equinox.preferences/3.11.100.v20240327-0645/org.eclipse.equinox.preferences-3.11.100.v20240327-0645.jar:/home/simone/.m2/repository/p2/osgi/bundle/org.eclipse.equinox.registry/3.12.100.v20240524-2011/org.eclipse.equinox.registry-3.12.100.v20240524-2011.jar:/home/simone/.m2/repository/p2/osgi/bundle/org.eclipse.equinox.common/3.19.100.v20240524-2011/org.eclipse.equinox.common-3.19.100.v20240524-2011.jar:/home/simone/.m2/repository/p2/osgi/bundle/org.eclipse.core.jobs/3.15.400.v20240619-0602/org.eclipse.core.jobs-3.15.400.v20240619-0602.jar:/home/simone/.m2/repository/p2/osgi/bundle/org.eclipse.core.runtime/3.31.100.v20240524-2010/org.eclipse.core.runtime-3.31.100.v20240524-2010.jar:/home/simone/.m2/repository/p2/osgi/bundle/org.eclipse.equinox.app/1.7.200.v20240722-2103/org.eclipse.equinox.app-1.7.200.v20240722-2103.jar:/home/simone/.m2/repository/p2/osgi/bundle/org.eclipse.equinox.cm/1.6.100.v20240329-0940/org.eclipse.equinox.cm-1.6.100.v20240329-0940.jar:/home/simone/.m2/repository/p2/osgi/bundle/org.osgi.service.coordinator/1.0.2.201505202024/org.osgi.service.coordinator-1.0.2.201505202024.jar:/home/simone/.m2/repository/p2/osgi/bundle/org.eclipse.equinox.io/1.1.300.v20180827-1235/org.eclipse.equinox.io-1.1.300.v20180827-1235.jar:/home/simone/.m2/repository/p2/osgi/bundle/org.eclipse.equinox.util/1.1.300.v20190714-1852/org.eclipse.equinox.util-1.1.300.v20190714-1852.jar:/home/simone/.m2/repository/p2/osgi/bundle/org.eclipse.equinox.launcher/1.6.900.v20240613-2009/org.eclipse.equinox.launcher-1.6.900.v20240613-2009.jar:/home/simone/.m2/repository/p2/osgi/bundle/org.osgi.service.prefs/1.1.2.202109301733/org.osgi.service.prefs-1.1.2.202109301733.jar:/home/simone/.m2/repository/org/eclipse/kura/org.eclipse.kura.api/3.0.0-SNAPSHOT/org.eclipse.kura.api-3.0.0-SNAPSHOT.jar:/home/simone/.m2/repository/p2/osgi/bundle/org.eclipse.soda.dk.comm/2.0.0.SNAPSHOT/org.eclipse.soda.dk.comm-2.0.0.SNAPSHOT.jar:/home/simone/.m2/repository/p2/osgi/bundle/usb4java-javax/2.0.0.SNAPSHOT/usb4java-javax-2.0.0.SNAPSHOT.jar:/home/simone/.m2/repository/.cache/tycho/usb4java-javax-2.0.0.SNAPSHOT.jar/usb4java-javax-1.2.0.jar:/home/simone/.m2/repository/p2/osgi/bundle/org.osgi.service.wireadmin/1.0.2.202109301733/org.osgi.service.wireadmin-1.0.2.202109301733.jar:/home/simone/.m2/repository/p2/osgi/bundle/org.osgi.util.measurement/1.0.2.201802012109/org.osgi.util.measurement-1.0.2.201802012109.jar:/home/simone/.m2/repository/p2/osgi/bundle/org.osgi.util.position/1.0.1.201505202026/org.osgi.util.position-1.0.1.201505202026.jar:/home/simone/.m2/repository/org/eclipse/kura/org.eclipse.kura.api/3.0.0-SNAPSHOT/org.eclipse.kura.api-3.0.0-SNAPSHOT-sources.jar:/home/simone/.m2/repository/org/eclipse/kura/org.eclipse.kura.asset.provider/3.0.0-SNAPSHOT/org.eclipse.kura.asset.provider-3.0.0-SNAPSHOT.jar:/home/simone/.m2/repository/org/eclipse/kura/org.eclipse.kura.core.configuration/3.0.0-SNAPSHOT/org.eclipse.kura.core.configuration-3.0.0-SNAPSHOT.jar:/home/simone/.m2/repository/org/eclipse/kura/org.eclipse.kura.util/2.0.0-SNAPSHOT/org.eclipse.kura.util-2.0.0-SNAPSHOT.jar:/home/simone/.m2/repository/org/eclipse/kura/org.eclipse.kura.asset.provider/3.0.0-SNAPSHOT/org.eclipse.kura.asset.provider-3.0.0-SNAPSHOT-sources.jar:/home/simone/.m2/repository/org/eclipse/kura/org.eclipse.kura.cloud.base.provider/1.0.0-SNAPSHOT/org.eclipse.kura.cloud.base.provider-1.0.0-SNAPSHOT.jar:/home/simone/.m2/repository/.cache/tycho/org.eclipse.kura.cloud.base.provider-1.0.0-SNAPSHOT.jar/lib/org.eclipse.paho.client.mqttv3-1.2.1.k2.jar:/home/simone/.m2/repository/org/eclipse/kura/org.eclipse.kura.core/2.0.0-SNAPSHOT/org.eclipse.kura.core-2.0.0-SNAPSHOT.jar:/home/simone/.m2/repository/.cache/tycho/org.eclipse.kura.core-2.0.0-SNAPSHOT.jar/lib/org.eclipse.paho.client.mqttv3-1.2.1.k2.jar:/home/simone/.m2/repository/p2/osgi/bundle/org.quartz-scheduler.quartz/2.3.2/org.quartz-scheduler.quartz-2.3.2.jar:/home/simone/.m2/repository/org/eclipse/kura/org.eclipse.kura.cloud.base.provider/1.0.0-SNAPSHOT/org.eclipse.kura.cloud.base.provider-1.0.0-SNAPSHOT-sources.jar:/home/simone/.m2/repository/org/eclipse/kura/org.eclipse.kura.cloudconnection.kapua.mqtt.provider/1.0.0-SNAPSHOT/org.eclipse.kura.cloudconnection.kapua.mqtt.provider-1.0.0-SNAPSHOT.jar:/home/simone/.m2/repository/.cache/tycho/org.eclipse.kura.cloudconnection.kapua.mqtt.provider-1.0.0-SNAPSHOT.jar/lib/protobuf-java.jar:/home/simone/.m2/repository/org/eclipse/kura/org.eclipse.kura.cloudconnection.kapua.mqtt.provider/1.0.0-SNAPSHOT/org.eclipse.kura.cloudconnection.kapua.mqtt.provider-1.0.0-SNAPSHOT-sources.jar:/home/simone/.m2/repository/org/eclipse/kura/org.eclipse.kura.core/2.0.0-SNAPSHOT/org.eclipse.kura.core-2.0.0-SNAPSHOT-sources.jar:/home/simone/.m2/repository/org/eclipse/kura/org.eclipse.kura.core.cloud.factory/2.0.0-SNAPSHOT/org.eclipse.kura.core.cloud.factory-2.0.0-SNAPSHOT.jar:/home/simone/.m2/repository/org/eclipse/kura/org.eclipse.kura.core.cloud.factory/2.0.0-SNAPSHOT/org.eclipse.kura.core.cloud.factory-2.0.0-SNAPSHOT-sources.jar:/home/simone/.m2/repository/org/eclipse/kura/org.eclipse.kura.core.comm/2.0.0-SNAPSHOT/org.eclipse.kura.core.comm-2.0.0-SNAPSHOT.jar:/home/simone/.m2/repository/org/eclipse/kura/org.eclipse.kura.core.comm/2.0.0-SNAPSHOT/org.eclipse.kura.core.comm-2.0.0-SNAPSHOT-sources.jar:/home/simone/.m2/repository/org/eclipse/kura/org.eclipse.kura.core.configuration/3.0.0-SNAPSHOT/org.eclipse.kura.core.configuration-3.0.0-SNAPSHOT-sources.jar:/home/simone/.m2/repository/org/eclipse/kura/org.eclipse.kura.core.crypto/2.0.0-SNAPSHOT/org.eclipse.kura.core.crypto-2.0.0-SNAPSHOT.jar:/home/simone/.m2/repository/org/eclipse/kura/org.eclipse.kura.core.crypto/2.0.0-SNAPSHOT/org.eclipse.kura.core.crypto-2.0.0-SNAPSHOT-sources.jar:/home/simone/.m2/repository/org/eclipse/kura/org.eclipse.kura.core.deployment/2.0.0-SNAPSHOT/org.eclipse.kura.core.deployment-2.0.0-SNAPSHOT.jar:/home/simone/.m2/repository/org/eclipse/kura/org.eclipse.kura.core.inventory/2.0.0-SNAPSHOT/org.eclipse.kura.core.inventory-2.0.0-SNAPSHOT.jar:/home/simone/.m2/repository/org/eclipse/kura/org.eclipse.kura.core.deployment/2.0.0-SNAPSHOT/org.eclipse.kura.core.deployment-2.0.0-SNAPSHOT-sources.jar:/home/simone/.m2/repository/org/eclipse/kura/org.eclipse.kura.core.inventory/2.0.0-SNAPSHOT/org.eclipse.kura.core.inventory-2.0.0-SNAPSHOT-sources.jar:/home/simone/.m2/repository/org/eclipse/kura/org.eclipse.kura.core.keystore/2.0.0-SNAPSHOT/org.eclipse.kura.core.keystore-2.0.0-SNAPSHOT.jar:/home/simone/.m2/repository/org/eclipse/kura/org.eclipse.kura.core.keystore/2.0.0-SNAPSHOT/org.eclipse.kura.core.keystore-2.0.0-SNAPSHOT-sources.jar:/home/simone/.m2/repository/org/eclipse/kura/org.eclipse.kura.core.net/2.0.0-SNAPSHOT/org.eclipse.kura.core.net-2.0.0-SNAPSHOT.jar:/home/simone/.m2/repository/org/eclipse/kura/org.eclipse.kura.net.configuration/2.0.0-SNAPSHOT/org.eclipse.kura.net.configuration-2.0.0-SNAPSHOT.jar:/home/simone/.m2/repository/org/eclipse/kura/org.eclipse.kura.core.net/2.0.0-SNAPSHOT/org.eclipse.kura.core.net-2.0.0-SNAPSHOT-sources.jar:/home/simone/.m2/repository/org/eclipse/kura/org.eclipse.kura.core.status/2.0.0-SNAPSHOT/org.eclipse.kura.core.status-2.0.0-SNAPSHOT.jar:/home/simone/.m2/repository/org/eclipse/kura/org.eclipse.kura.core.status/2.0.0-SNAPSHOT/org.eclipse.kura.core.status-2.0.0-SNAPSHOT-sources.jar:/home/simone/.m2/repository/org/eclipse/kura/org.eclipse.kura.core.system/2.0.0-SNAPSHOT/org.eclipse.kura.core.system-2.0.0-SNAPSHOT.jar:/home/simone/.m2/repository/org/eclipse/kura/org.eclipse.kura.core.system/2.0.0-SNAPSHOT/org.eclipse.kura.core.system-2.0.0-SNAPSHOT-sources.jar:/home/simone/.m2/repository/org/eclipse/kura/org.eclipse.kura.deployment.agent/2.0.0-SNAPSHOT/org.eclipse.kura.deployment.agent-2.0.0-SNAPSHOT.jar:/home/simone/.m2/repository/org/eclipse/kura/org.eclipse.kura.deployment.agent/2.0.0-SNAPSHOT/org.eclipse.kura.deployment.agent-2.0.0-SNAPSHOT-sources.jar:/home/simone/.m2/repository/org/eclipse/kura/org.eclipse.kura.emulator/2.0.0-SNAPSHOT/org.eclipse.kura.emulator-2.0.0-SNAPSHOT.jar:/home/simone/.m2/repository/org/eclipse/kura/org.eclipse.kura.emulator/2.0.0-SNAPSHOT/org.eclipse.kura.emulator-2.0.0-SNAPSHOT-sources.jar:/home/simone/.m2/repository/org/eclipse/kura/org.eclipse.kura.emulator.gpio/2.0.0-SNAPSHOT/org.eclipse.kura.emulator.gpio-2.0.0-SNAPSHOT.jar:/home/simone/.m2/repository/org/eclipse/kura/org.eclipse.kura.emulator.gpio/2.0.0-SNAPSHOT/org.eclipse.kura.emulator.gpio-2.0.0-SNAPSHOT-sources.jar:/home/simone/.m2/repository/org/eclipse/kura/org.eclipse.kura.emulator.net/2.0.0-SNAPSHOT/org.eclipse.kura.emulator.net-2.0.0-SNAPSHOT.jar:/home/simone/.m2/repository/org/eclipse/kura/org.eclipse.kura.emulator.net/2.0.0-SNAPSHOT/org.eclipse.kura.emulator.net-2.0.0-SNAPSHOT-sources.jar:/home/simone/.m2/repository/org/eclipse/kura/org.eclipse.kura.emulator.position/2.0.0-SNAPSHOT/org.eclipse.kura.emulator.position-2.0.0-SNAPSHOT.jar:/home/simone/.m2/repository/org/eclipse/kura/org.eclipse.kura.emulator.position/2.0.0-SNAPSHOT/org.eclipse.kura.emulator.position-2.0.0-SNAPSHOT-sources.jar:/home/simone/.m2/repository/org/eclipse/kura/org.eclipse.kura.emulator.watchdog/2.0.0-SNAPSHOT/org.eclipse.kura.emulator.watchdog-2.0.0-SNAPSHOT.jar:/home/simone/.m2/repository/org/eclipse/kura/org.eclipse.kura.emulator.watchdog/2.0.0-SNAPSHOT/org.eclipse.kura.emulator.watchdog-2.0.0-SNAPSHOT-sources.jar:/home/simone/.m2/repository/.cache/tycho/org.junit-4.12.0.v201504281640.jar/junit.jar:/home/simone/.m2/repository/p2/osgi/bundle/org.mockito.mockito-core/4.8.1/org.mockito.mockito-core-4.8.1.jar:/home/simone/.m2/repository/org/eclipse/kura/org.eclipse.kura.json.marshaller.unmarshaller.provider/2.0.0-SNAPSHOT/org.eclipse.kura.json.marshaller.unmarshaller.provider-2.0.0-SNAPSHOT.jar:/home/simone/.m2/repository/org/eclipse/kura/org.eclipse.kura.json.marshaller.unmarshaller.provider/2.0.0-SNAPSHOT/org.eclipse.kura.json.marshaller.unmarshaller.provider-2.0.0-SNAPSHOT-sources.jar:/home/simone/.m2/repository/org/eclipse/kura/org.eclipse.kura.net.configuration/2.0.0-SNAPSHOT/org.eclipse.kura.net.configuration-2.0.0-SNAPSHOT-sources.jar:/home/simone/.m2/repository/org/eclipse/kura/org.eclipse.kura.request.handler.jaxrs/2.0.0-SNAPSHOT/org.eclipse.kura.request.handler.jaxrs-2.0.0-SNAPSHOT.jar:/home/simone/.m2/repository/org/eclipse/kura/org.eclipse.kura.request.handler.jaxrs/2.0.0-SNAPSHOT/org.eclipse.kura.request.handler.jaxrs-2.0.0-SNAPSHOT-sources.jar:/home/simone/.m2/repository/org/eclipse/kura/org.eclipse.kura.rest.provider/2.0.0-SNAPSHOT/org.eclipse.kura.rest.provider-2.0.0-SNAPSHOT.jar:/home/simone/.m2/repository/p2/osgi/bundle/org.eclipse.osgitech.rest.servlet.whiteboard/1.2.3/org.eclipse.osgitech.rest.servlet.whiteboard-1.2.3.jar:/home/simone/.m2/repository/org/eclipse/kura/org.eclipse.kura.rest.provider/2.0.0-SNAPSHOT/org.eclipse.kura.rest.provider-2.0.0-SNAPSHOT-sources.jar:/home/simone/.m2/repository/org/eclipse/kura/org.eclipse.kura.useradmin.store/2.0.0-SNAPSHOT/org.eclipse.kura.useradmin.store-2.0.0-SNAPSHOT.jar:/home/simone/.m2/repository/org/eclipse/kura/org.eclipse.kura.useradmin.store/2.0.0-SNAPSHOT/org.eclipse.kura.useradmin.store-2.0.0-SNAPSHOT-sources.jar:/home/simone/.m2/repository/org/eclipse/kura/org.eclipse.kura.util/2.0.0-SNAPSHOT/org.eclipse.kura.util-2.0.0-SNAPSHOT-sources.jar:/home/simone/.m2/repository/org/eclipse/kura/org.eclipse.kura.wire.component.provider/3.0.0-SNAPSHOT/org.eclipse.kura.wire.component.provider-3.0.0-SNAPSHOT.jar:/home/simone/.m2/repository/org/eclipse/kura/org.eclipse.kura.wire.component.provider/3.0.0-SNAPSHOT/org.eclipse.kura.wire.component.provider-3.0.0-SNAPSHOT-sources.jar:/home/simone/.m2/repository/org/eclipse/kura/org.eclipse.kura.wire.helper.provider/2.0.0-SNAPSHOT/org.eclipse.kura.wire.helper.provider-2.0.0-SNAPSHOT.jar:/home/simone/.m2/repository/org/eclipse/kura/org.eclipse.kura.wire.helper.provider/2.0.0-SNAPSHOT/org.eclipse.kura.wire.helper.provider-2.0.0-SNAPSHOT-sources.jar:/home/simone/.m2/repository/org/eclipse/kura/org.eclipse.kura.wire.provider/2.0.0-SNAPSHOT/org.eclipse.kura.wire.provider-2.0.0-SNAPSHOT.jar:/home/simone/.m2/repository/org/eclipse/kura/org.eclipse.kura.wire.provider/2.0.0-SNAPSHOT/org.eclipse.kura.wire.provider-2.0.0-SNAPSHOT-sources.jar:/home/simone/.m2/repository/org/eclipse/kura/org.eclipse.kura.xml.marshaller.unmarshaller.provider/2.0.0-SNAPSHOT/org.eclipse.kura.xml.marshaller.unmarshaller.provider-2.0.0-SNAPSHOT.jar:/home/simone/.m2/repository/org/eclipse/kura/org.eclipse.kura.xml.marshaller.unmarshaller.provider/2.0.0-SNAPSHOT/org.eclipse.kura.xml.marshaller.unmarshaller.provider-2.0.0-SNAPSHOT-sources.jar:/home/simone/.m2/repository/p2/osgi/bundle/org.eclipse.osgitech.rest/1.2.3/org.eclipse.osgitech.rest-1.2.3.jar:/home/simone/.m2/repository/p2/osgi/bundle/org.eclipse.osgitech.rest.sse/1.2.3/org.eclipse.osgitech.rest.sse-1.2.3.jar:/home/simone/.m2/repository/p2/osgi/bundle/org.glassfish.hk2.api/3.1.1/org.glassfish.hk2.api-3.1.1.jar:/home/simone/.m2/repository/p2/osgi/bundle/org.glassfish.jersey.core.jersey-common/3.1.9/org.glassfish.jersey.core.jersey-common-3.1.9.jar:/home/simone/.m2/repository/p2/osgi/bundle/org.glassfish.jersey.core.jersey-client/3.1.9/org.glassfish.jersey.core.jersey-client-3.1.9.jar:/home/simone/.m2/repository/p2/osgi/bundle/org.glassfish.jersey.core.jersey-server/3.1.9/org.glassfish.jersey.core.jersey-server-3.1.9.jar:/home/simone/.m2/repository/p2/osgi/bundle/org.glassfish.jersey.containers.jersey-container-servlet-core/3.1.9/org.glassfish.jersey.containers.jersey-container-servlet-core-3.1.9.jar:/home/simone/.m2/repository/p2/osgi/bundle/org.glassfish.jersey.containers.jersey-container-servlet/3.1.9/org.glassfish.jersey.containers.jersey-container-servlet-3.1.9.jar:/home/simone/.m2/repository/p2/osgi/bundle/org.osgi.service.jakartars/2.0.0.202212101352/org.osgi.service.jakartars-2.0.0.202212101352.jar:/home/simone/.m2/repository/p2/osgi/bundle/org.glassfish.jersey.inject.jersey-hk2/3.1.9/org.glassfish.jersey.inject.jersey-hk2-3.1.9.jar:/home/simone/.m2/repository/p2/osgi/bundle/org.glassfish.jersey.media.jersey-media-jaxb/3.1.9/org.glassfish.jersey.media.jersey-media-jaxb-3.1.9.jar:/home/simone/.m2/repository/p2/osgi/bundle/org.glassfish.jersey.media.jersey-media-sse/3.1.9/org.glassfish.jersey.media.jersey-media-sse-3.1.9.jar:/home/simone/.m2/repository/p2/osgi/bundle/org.glassfish.hk2.external.aopalliance-repackaged/3.1.1/org.glassfish.hk2.external.aopalliance-repackaged-3.1.1.jar:/home/simone/.m2/repository/p2/osgi/bundle/org.glassfish.hk2.utils/3.1.1/org.glassfish.hk2.utils-3.1.1.jar:/home/simone/.m2/repository/p2/osgi/bundle/org.glassfish.hk2.locator/3.1.1/org.glassfish.hk2.locator-3.1.1.jar:/home/simone/.m2/repository/p2/osgi/bundle/org.glassfish.hk2.osgi-resource-locator/1.0.3/org.glassfish.hk2.osgi-resource-locator-1.0.3.jar:/home/simone/.m2/repository/p2/osgi/bundle/org.hamcrest/1.1.0.v20090501071000/org.hamcrest-1.1.0.v20090501071000.jar:/home/simone/.m2/repository/p2/osgi/bundle/org.hamcrest.core/1.3.0.v201303031735/org.hamcrest.core-1.3.0.v201303031735.jar:/home/simone/.m2/repository/p2/osgi/bundle/org.hamcrest.library/1.1.0.v20090501071000/org.hamcrest.library-1.1.0.v20090501071000.jar:/home/simone/.m2/repository/p2/osgi/bundle/org.hamcrest.integration/1.1.0.v201303031500/org.hamcrest.integration-1.1.0.v201303031500.jar:/home/simone/.m2/repository/p2/osgi/bundle/org.hamcrest.text/1.1.0.v20090501071000/org.hamcrest.text-1.1.0.v20090501071000.jar:/home/simone/.m2/repository/p2/osgi/bundle/net.bytebuddy.byte-buddy/1.12.18/net.bytebuddy.byte-buddy-1.12.18.jar:/home/simone/.m2/repository/p2/osgi/bundle/org.objenesis/3.3.0/org.objenesis-3.3.0.jar:/home/simone/.m2/repository/p2/osgi/bundle/org.objectweb.asm.tree/9.7.1/org.objectweb.asm.tree-9.7.1.jar:/home/simone/.m2/repository/p2/osgi/bundle/org.objectweb.asm.tree.analysis/9.7.1/org.objectweb.asm.tree.analysis-9.7.1.jar:/home/simone/.m2/repository/p2/osgi/bundle/org.osgi.util.function/1.2.0.202109301733/org.osgi.util.function-1.2.0.202109301733.jar:/home/simone/.m2/repository/p2/osgi/bundle/org.usb4java/2.0.0.SNAPSHOT/org.usb4java-2.0.0.SNAPSHOT.jar:/home/simone/.m2/repository/.cache/tycho/org.usb4java-2.0.0.SNAPSHOT.jar/libusb4java-1.2.0-linux-arm.jar:/home/simone/.m2/repository/.cache/tycho/org.usb4java-2.0.0.SNAPSHOT.jar/libusb4java-1.2.0-linux-x86_64.jar:"/>
    <property name="java.vm.vendor" value="Ubuntu"/>
    <property name="sun.arch.data.model" value="64"/>
    <property name="java.vendor.url" value="https://ubuntu.com/"/>
    <property name="os.name" value="Linux"/>
    <property name="java.vm.specification.version" value="17"/>
    <property name="sun.java.launcher" value="SUN_STANDARD"/>
    <property name="user.country" value="IT"/>
    <property name="sun.boot.library.path" value="/usr/lib/jvm/java-17-openjdk-amd64/lib"/>
    <property name="sun.java.command" value="/home/simone/git/kura-apps/kura-examples/test/org.eclipse.kura.example.ble.tisensortag.dbus.test/target/surefire/surefirebooter4121003136647355642.jar /home/simone/git/kura-apps/kura-examples/test/org.eclipse.kura.example.ble.tisensortag.dbus.test/target/surefire 2025-03-14T12-48-28_097-jvmRun1 surefire14072660581858040861tmp surefire_09096145719151867765tmp"/>
    <property name="jdk.debug" value="release"/>
    <property name="surefire.test.class.path" value="/home/simone/git/kura-apps/kura-examples/test/org.eclipse.kura.example.ble.tisensortag.dbus.test/target/test-classes:/home/simone/git/kura-apps/kura-examples/test/org.eclipse.kura.example.ble.tisensortag.dbus.test/target/classes:/home/simone/.m2/repository/org/mockito/mockito-core/4.8.1/mockito-core-4.8.1.jar:/home/simone/.m2/repository/net/bytebuddy/byte-buddy/1.12.16/byte-buddy-1.12.16.jar:/home/simone/.m2/repository/net/bytebuddy/byte-buddy-agent/1.12.16/byte-buddy-agent-1.12.16.jar:/home/simone/.m2/repository/org/objenesis/objenesis/3.2/objenesis-3.2.jar:/home/simone/.m2/repository/junit/junit/4.13.2/junit-4.13.2.jar:/home/simone/.m2/repository/org/hamcrest/hamcrest-core/1.3/hamcrest-core-1.3.jar:/home/simone/git/kura-apps/kura-examples/test/org.eclipse.kura.example.testutil/target/org.eclipse.kura.example.testutil-6.0.0-SNAPSHOT.jar:/home/simone/git/kura-apps/kura-examples/org.eclipse.kura.example.ble.tisensortag.dbus/target/org.eclipse.kura.example.ble.tisensortag.dbus-2.0.0-SNAPSHOT.jar:/home/simone/.m2/repository/p2/osgi/bundle/bcpkix/1.78.1/bcpkix-1.78.1.jar:/home/simone/.m2/repository/p2/osgi/bundle/bcprov/1.78.1/bcprov-1.78.1.jar:/home/simone/.m2/repository/p2/osgi/bundle/bcutil/1.78.1/bcutil-1.78.1.jar:/home/simone/.m2/repository/p2/osgi/bundle/com.google.gson/2.9.0/com.google.gson-2.9.0.jar:/home/simone/.m2/repository/p2/osgi/bundle/com.google.guava/32.1.1.jre/com.google.guava-32.1.1.jre.jar:/home/simone/.m2/repository/p2/osgi/bundle/com.google.guava.failureaccess/1.0.1/com.google.guava.failureaccess-1.0.1.jar:/home/simone/.m2/repository/p2/osgi/bundle/com.sun.xml.bind.jaxb-osgi/4.0.2/com.sun.xml.bind.jaxb-osgi-4.0.2.jar:/home/simone/.m2/repository/p2/osgi/bundle/jakarta.xml.bind-api/4.0.2/jakarta.xml.bind-api-4.0.2.jar:/home/simone/.m2/repository/p2/osgi/bundle/jakarta.activation-api/2.1.2/jakarta.activation-api-2.1.2.jar:/home/simone/.m2/repository/p2/osgi/bundle/com.zaxxer.HikariCP/2.7.9/com.zaxxer.HikariCP-2.7.9.jar:/home/simone/.m2/repository/p2/osgi/bundle/slf4j.api/1.7.36/slf4j.api-1.7.36.jar:/home/simone/.m2/repository/p2/osgi/bundle/jakarta.annotation-api/2.1.1/jakarta.annotation-api-2.1.1.jar:/home/simone/.m2/repository/p2/osgi/bundle/jakarta.inject.jakarta.inject-api/2.0.1/jakarta.inject.jakarta.inject-api-2.0.1.jar:/home/simone/.m2/repository/p2/osgi/bundle/jakarta.validation.jakarta.validation-api/3.0.2/jakarta.validation.jakarta.validation-api-3.0.2.jar:/home/simone/.m2/repository/p2/osgi/bundle/jakarta.ws.rs-api/3.1.0/jakarta.ws.rs-api-3.1.0.jar:/home/simone/.m2/repository/p2/osgi/bundle/javassist/3.30.2.GA/javassist-3.30.2.GA.jar:/home/simone/.m2/repository/p2/osgi/bundle/jul.to.slf4j/1.7.36/jul.to.slf4j-1.7.36.jar:/home/simone/.m2/repository/p2/osgi/bundle/log4j2-api-config/2.0.0.SNAPSHOT/log4j2-api-config-2.0.0.SNAPSHOT.jar:/home/simone/.m2/repository/p2/osgi/bundle/org.apache.logging.log4j.api/2.23.1/org.apache.logging.log4j.api-2.23.1.jar:/home/simone/.m2/repository/p2/osgi/bundle/minimal-json/0.9.5/minimal-json-0.9.5.jar:/home/simone/.m2/repository/p2/osgi/bundle/net.bytebuddy.byte-buddy-agent/1.12.18/net.bytebuddy.byte-buddy-agent-1.12.18.jar:/home/simone/.m2/repository/p2/osgi/bundle/org.apache.aries.spifly.dynamic.bundle/1.3.7/org.apache.aries.spifly.dynamic.bundle-1.3.7.jar:/home/simone/.m2/repository/p2/osgi/bundle/org.objectweb.asm/9.7.1/org.objectweb.asm-9.7.1.jar:/home/simone/.m2/repository/p2/osgi/bundle/org.objectweb.asm.commons/9.7.1/org.objectweb.asm.commons-9.7.1.jar:/home/simone/.m2/repository/p2/osgi/bundle/org.objectweb.asm.util/9.7.1/org.objectweb.asm.util-9.7.1.jar:/home/simone/.m2/repository/p2/osgi/bundle/org.eclipse.osgi/3.21.0.v20240717-2103/org.eclipse.osgi-3.21.0.v20240717-2103.jar:/home/simone/.m2/repository/p2/osgi/bundle/org.apache.commons.commons-io/2.18.0/org.apache.commons.commons-io-2.18.0.jar:/home/simone/.m2/repository/p2/osgi/bundle/org.apache.commons.exec/1.3.0/org.apache.commons.exec-1.3.0.jar:/home/simone/.m2/repository/p2/osgi/bundle/org.apache.commons.lang3/3.12.0/org.apache.commons.lang3-3.12.0.jar:/home/simone/.m2/repository/p2/osgi/bundle/org.apache.felix.dependencymanager/3.0.0/org.apache.felix.dependencymanager-3.0.0.jar:/home/simone/.m2/repository/p2/osgi/bundle/org.osgi.service.cm/1.6.1.202109301733/org.osgi.service.cm-1.6.1.202109301733.jar:/home/simone/.m2/repository/p2/osgi/bundle/org.osgi.service.metatype/1.4.1.202109301733/org.osgi.service.metatype-1.4.1.202109301733.jar:/home/simone/.m2/repository/p2/osgi/bundle/org.apache.felix.deploymentadmin/0.9.5/org.apache.felix.deploymentadmin-0.9.5.jar:/home/simone/.m2/repository/p2/osgi/bundle/org.osgi.service.event/1.4.1.202109301733/org.osgi.service.event-1.4.1.202109301733.jar:/home/simone/.m2/repository/p2/osgi/bundle/org.apache.felix.http.bridge/5.1.8/org.apache.felix.http.bridge-5.1.8.jar:/home/simone/.m2/repository/p2/osgi/bundle/org.apache.felix.http.servlet-api/3.0.0/org.apache.felix.http.servlet-api-3.0.0.jar:/home/simone/.m2/repository/p2/osgi/bundle/org.apache.felix.scr/2.2.12/org.apache.felix.scr-2.2.12.jar:/home/simone/.m2/repository/p2/osgi/bundle/org.osgi.service.component/1.5.1.202212101352/org.osgi.service.component-1.5.1.202212101352.jar:/home/simone/.m2/repository/p2/osgi/bundle/org.osgi.util.promise/1.3.0.202212101352/org.osgi.util.promise-1.3.0.202212101352.jar:/home/simone/.m2/repository/p2/osgi/bundle/org.apache.felix.useradmin/1.0.4.k1/org.apache.felix.useradmin-1.0.4.k1.jar:/home/simone/.m2/repository/p2/osgi/bundle/org.apache.logging.log4j.core/2.23.1/org.apache.logging.log4j.core-2.23.1.jar:/home/simone/.m2/repository/p2/osgi/bundle/org.apache.logging.log4j.slf4j.impl/2.23.1/org.apache.logging.log4j.slf4j.impl-2.23.1.jar:/home/simone/.m2/repository/p2/osgi/bundle/org.apache.servicemix.bundles.c3p0/0.9.5.5_1/org.apache.servicemix.bundles.c3p0-0.9.5.5_1.jar:/home/simone/.m2/repository/p2/osgi/bundle/org.eclipse.core.contenttype/3.9.500.v20240708-0707/org.eclipse.core.contenttype-3.9.500.v20240708-0707.jar:/home/simone/.m2/repository/p2/osgi/bundle/org.eclipse.equinox.preferences/3.11.100.v20240327-0645/org.eclipse.equinox.preferences-3.11.100.v20240327-0645.jar:/home/simone/.m2/repository/p2/osgi/bundle/org.eclipse.equinox.registry/3.12.100.v20240524-2011/org.eclipse.equinox.registry-3.12.100.v20240524-2011.jar:/home/simone/.m2/repository/p2/osgi/bundle/org.eclipse.equinox.common/3.19.100.v20240524-2011/org.eclipse.equinox.common-3.19.100.v20240524-2011.jar:/home/simone/.m2/repository/p2/osgi/bundle/org.eclipse.core.jobs/3.15.400.v20240619-0602/org.eclipse.core.jobs-3.15.400.v20240619-0602.jar:/home/simone/.m2/repository/p2/osgi/bundle/org.eclipse.core.runtime/3.31.100.v20240524-2010/org.eclipse.core.runtime-3.31.100.v20240524-2010.jar:/home/simone/.m2/repository/p2/osgi/bundle/org.eclipse.equinox.app/1.7.200.v20240722-2103/org.eclipse.equinox.app-1.7.200.v20240722-2103.jar:/home/simone/.m2/repository/p2/osgi/bundle/org.eclipse.equinox.cm/1.6.100.v20240329-0940/org.eclipse.equinox.cm-1.6.100.v20240329-0940.jar:/home/simone/.m2/repository/p2/osgi/bundle/org.osgi.service.coordinator/1.0.2.201505202024/org.osgi.service.coordinator-1.0.2.201505202024.jar:/home/simone/.m2/repository/p2/osgi/bundle/org.eclipse.equinox.io/1.1.300.v20180827-1235/org.eclipse.equinox.io-1.1.300.v20180827-1235.jar:/home/simone/.m2/repository/p2/osgi/bundle/org.eclipse.equinox.util/1.1.300.v20190714-1852/org.eclipse.equinox.util-1.1.300.v20190714-1852.jar:/home/simone/.m2/repository/p2/osgi/bundle/org.eclipse.equinox.launcher/1.6.900.v20240613-2009/org.eclipse.equinox.launcher-1.6.900.v20240613-2009.jar:/home/simone/.m2/repository/p2/osgi/bundle/org.osgi.service.prefs/1.1.2.202109301733/org.osgi.service.prefs-1.1.2.202109301733.jar:/home/simone/.m2/repository/org/eclipse/kura/org.eclipse.kura.api/3.0.0-SNAPSHOT/org.eclipse.kura.api-3.0.0-SNAPSHOT.jar:/home/simone/.m2/repository/p2/osgi/bundle/org.eclipse.soda.dk.comm/2.0.0.SNAPSHOT/org.eclipse.soda.dk.comm-2.0.0.SNAPSHOT.jar:/home/simone/.m2/repository/p2/osgi/bundle/usb4java-javax/2.0.0.SNAPSHOT/usb4java-javax-2.0.0.SNAPSHOT.jar:/home/simone/.m2/repository/.cache/tycho/usb4java-javax-2.0.0.SNAPSHOT.jar/usb4java-javax-1.2.0.jar:/home/simone/.m2/repository/p2/osgi/bundle/org.osgi.service.wireadmin/1.0.2.202109301733/org.osgi.service.wireadmin-1.0.2.202109301733.jar:/home/simone/.m2/repository/p2/osgi/bundle/org.osgi.util.measurement/1.0.2.201802012109/org.osgi.util.measurement-1.0.2.201802012109.jar:/home/simone/.m2/repository/p2/osgi/bundle/org.osgi.util.position/1.0.1.201505202026/org.osgi.util.position-1.0.1.201505202026.jar:/home/simone/.m2/repository/org/eclipse/kura/org.eclipse.kura.api/3.0.0-SNAPSHOT/org.eclipse.kura.api-3.0.0-SNAPSHOT-sources.jar:/home/simone/.m2/repository/org/eclipse/kura/org.eclipse.kura.asset.provider/3.0.0-SNAPSHOT/org.eclipse.kura.asset.provider-3.0.0-SNAPSHOT.jar:/home/simone/.m2/repository/org/eclipse/kura/org.eclipse.kura.core.configuration/3.0.0-SNAPSHOT/org.eclipse.kura.core.configuration-3.0.0-SNAPSHOT.jar:/home/simone/.m2/repository/org/eclipse/kura/org.eclipse.kura.util/2.0.0-SNAPSHOT/org.eclipse.kura.util-2.0.0-SNAPSHOT.jar:/home/simone/.m2/repository/org/eclipse/kura/org.eclipse.kura.asset.provider/3.0.0-SNAPSHOT/org.eclipse.kura.asset.provider-3.0.0-SNAPSHOT-sources.jar:/home/simone/.m2/repository/org/eclipse/kura/org.eclipse.kura.cloud.base.provider/1.0.0-SNAPSHOT/org.eclipse.kura.cloud.base.provider-1.0.0-SNAPSHOT.jar:/home/simone/.m2/repository/.cache/tycho/org.eclipse.kura.cloud.base.provider-1.0.0-SNAPSHOT.jar/lib/org.eclipse.paho.client.mqttv3-1.2.1.k2.jar:/home/simone/.m2/repository/org/eclipse/kura/org.eclipse.kura.core/2.0.0-SNAPSHOT/org.eclipse.kura.core-2.0.0-SNAPSHOT.jar:/home/simone/.m2/repository/.cache/tycho/org.eclipse.kura.core-2.0.0-SNAPSHOT.jar/lib/org.eclipse.paho.client.mqttv3-1.2.1.k2.jar:/home/simone/.m2/repository/p2/osgi/bundle/org.quartz-scheduler.quartz/2.3.2/org.quartz-scheduler.quartz-2.3.2.jar:/home/simone/.m2/repository/org/eclipse/kura/org.eclipse.kura.cloud.base.provider/1.0.0-SNAPSHOT/org.eclipse.kura.cloud.base.provider-1.0.0-SNAPSHOT-sources.jar:/home/simone/.m2/repository/org/eclipse/kura/org.eclipse.kura.cloudconnection.kapua.mqtt.provider/1.0.0-SNAPSHOT/org.eclipse.kura.cloudconnection.kapua.mqtt.provider-1.0.0-SNAPSHOT.jar:/home/simone/.m2/repository/.cache/tycho/org.eclipse.kura.cloudconnection.kapua.mqtt.provider-1.0.0-SNAPSHOT.jar/lib/protobuf-java.jar:/home/simone/.m2/repository/org/eclipse/kura/org.eclipse.kura.cloudconnection.kapua.mqtt.provider/1.0.0-SNAPSHOT/org.eclipse.kura.cloudconnection.kapua.mqtt.provider-1.0.0-SNAPSHOT-sources.jar:/home/simone/.m2/repository/org/eclipse/kura/org.eclipse.kura.core/2.0.0-SNAPSHOT/org.eclipse.kura.core-2.0.0-SNAPSHOT-sources.jar:/home/simone/.m2/repository/org/eclipse/kura/org.eclipse.kura.core.cloud.factory/2.0.0-SNAPSHOT/org.eclipse.kura.core.cloud.factory-2.0.0-SNAPSHOT.jar:/home/simone/.m2/repository/org/eclipse/kura/org.eclipse.kura.core.cloud.factory/2.0.0-SNAPSHOT/org.eclipse.kura.core.cloud.factory-2.0.0-SNAPSHOT-sources.jar:/home/simone/.m2/repository/org/eclipse/kura/org.eclipse.kura.core.comm/2.0.0-SNAPSHOT/org.eclipse.kura.core.comm-2.0.0-SNAPSHOT.jar:/home/simone/.m2/repository/org/eclipse/kura/org.eclipse.kura.core.comm/2.0.0-SNAPSHOT/org.eclipse.kura.core.comm-2.0.0-SNAPSHOT-sources.jar:/home/simone/.m2/repository/org/eclipse/kura/org.eclipse.kura.core.configuration/3.0.0-SNAPSHOT/org.eclipse.kura.core.configuration-3.0.0-SNAPSHOT-sources.jar:/home/simone/.m2/repository/org/eclipse/kura/org.eclipse.kura.core.crypto/2.0.0-SNAPSHOT/org.eclipse.kura.core.crypto-2.0.0-SNAPSHOT.jar:/home/simone/.m2/repository/org/eclipse/kura/org.eclipse.kura.core.crypto/2.0.0-SNAPSHOT/org.eclipse.kura.core.crypto-2.0.0-SNAPSHOT-sources.jar:/home/simone/.m2/repository/org/eclipse/kura/org.eclipse.kura.core.deployment/2.0.0-SNAPSHOT/org.eclipse.kura.core.deployment-2.0.0-SNAPSHOT.jar:/home/simone/.m2/repository/org/eclipse/kura/org.eclipse.kura.core.inventory/2.0.0-SNAPSHOT/org.eclipse.kura.core.inventory-2.0.0-SNAPSHOT.jar:/home/simone/.m2/repository/org/eclipse/kura/org.eclipse.kura.core.deployment/2.0.0-SNAPSHOT/org.eclipse.kura.core.deployment-2.0.0-SNAPSHOT-sources.jar:/home/simone/.m2/repository/org/eclipse/kura/org.eclipse.kura.core.inventory/2.0.0-SNAPSHOT/org.eclipse.kura.core.inventory-2.0.0-SNAPSHOT-sources.jar:/home/simone/.m2/repository/org/eclipse/kura/org.eclipse.kura.core.keystore/2.0.0-SNAPSHOT/org.eclipse.kura.core.keystore-2.0.0-SNAPSHOT.jar:/home/simone/.m2/repository/org/eclipse/kura/org.eclipse.kura.core.keystore/2.0.0-SNAPSHOT/org.eclipse.kura.core.keystore-2.0.0-SNAPSHOT-sources.jar:/home/simone/.m2/repository/org/eclipse/kura/org.eclipse.kura.core.net/2.0.0-SNAPSHOT/org.eclipse.kura.core.net-2.0.0-SNAPSHOT.jar:/home/simone/.m2/repository/org/eclipse/kura/org.eclipse.kura.net.configuration/2.0.0-SNAPSHOT/org.eclipse.kura.net.configuration-2.0.0-SNAPSHOT.jar:/home/simone/.m2/repository/org/eclipse/kura/org.eclipse.kura.core.net/2.0.0-SNAPSHOT/org.eclipse.kura.core.net-2.0.0-SNAPSHOT-sources.jar:/home/simone/.m2/repository/org/eclipse/kura/org.eclipse.kura.core.status/2.0.0-SNAPSHOT/org.eclipse.kura.core.status-2.0.0-SNAPSHOT.jar:/home/simone/.m2/repository/org/eclipse/kura/org.eclipse.kura.core.status/2.0.0-SNAPSHOT/org.eclipse.kura.core.status-2.0.0-SNAPSHOT-sources.jar:/home/simone/.m2/repository/org/eclipse/kura/org.eclipse.kura.core.system/2.0.0-SNAPSHOT/org.eclipse.kura.core.system-2.0.0-SNAPSHOT.jar:/home/simone/.m2/repository/org/eclipse/kura/org.eclipse.kura.core.system/2.0.0-SNAPSHOT/org.eclipse.kura.core.system-2.0.0-SNAPSHOT-sources.jar:/home/simone/.m2/repository/org/eclipse/kura/org.eclipse.kura.deployment.agent/2.0.0-SNAPSHOT/org.eclipse.kura.deployment.agent-2.0.0-SNAPSHOT.jar:/home/simone/.m2/repository/org/eclipse/kura/org.eclipse.kura.deployment.agent/2.0.0-SNAPSHOT/org.eclipse.kura.deployment.agent-2.0.0-SNAPSHOT-sources.jar:/home/simone/.m2/repository/org/eclipse/kura/org.eclipse.kura.emulator/2.0.0-SNAPSHOT/org.eclipse.kura.emulator-2.0.0-SNAPSHOT.jar:/home/simone/.m2/repository/org/eclipse/kura/org.eclipse.kura.emulator/2.0.0-SNAPSHOT/org.eclipse.kura.emulator-2.0.0-SNAPSHOT-sources.jar:/home/simone/.m2/repository/org/eclipse/kura/org.eclipse.kura.emulator.gpio/2.0.0-SNAPSHOT/org.eclipse.kura.emulator.gpio-2.0.0-SNAPSHOT.jar:/home/simone/.m2/repository/org/eclipse/kura/org.eclipse.kura.emulator.gpio/2.0.0-SNAPSHOT/org.eclipse.kura.emulator.gpio-2.0.0-SNAPSHOT-sources.jar:/home/simone/.m2/repository/org/eclipse/kura/org.eclipse.kura.emulator.net/2.0.0-SNAPSHOT/org.eclipse.kura.emulator.net-2.0.0-SNAPSHOT.jar:/home/simone/.m2/repository/org/eclipse/kura/org.eclipse.kura.emulator.net/2.0.0-SNAPSHOT/org.eclipse.kura.emulator.net-2.0.0-SNAPSHOT-sources.jar:/home/simone/.m2/repository/org/eclipse/kura/org.eclipse.kura.emulator.position/2.0.0-SNAPSHOT/org.eclipse.kura.emulator.position-2.0.0-SNAPSHOT.jar:/home/simone/.m2/repository/org/eclipse/kura/org.eclipse.kura.emulator.position/2.0.0-SNAPSHOT/org.eclipse.kura.emulator.position-2.0.0-SNAPSHOT-sources.jar:/home/simone/.m2/repository/org/eclipse/kura/org.eclipse.kura.emulator.watchdog/2.0.0-SNAPSHOT/org.eclipse.kura.emulator.watchdog-2.0.0-SNAPSHOT.jar:/home/simone/.m2/repository/org/eclipse/kura/org.eclipse.kura.emulator.watchdog/2.0.0-SNAPSHOT/org.eclipse.kura.emulator.watchdog-2.0.0-SNAPSHOT-sources.jar:/home/simone/.m2/repository/.cache/tycho/org.junit-4.12.0.v201504281640.jar/junit.jar:/home/simone/.m2/repository/p2/osgi/bundle/org.mockito.mockito-core/4.8.1/org.mockito.mockito-core-4.8.1.jar:/home/simone/.m2/repository/org/eclipse/kura/org.eclipse.kura.json.marshaller.unmarshaller.provider/2.0.0-SNAPSHOT/org.eclipse.kura.json.marshaller.unmarshaller.provider-2.0.0-SNAPSHOT.jar:/home/simone/.m2/repository/org/eclipse/kura/org.eclipse.kura.json.marshaller.unmarshaller.provider/2.0.0-SNAPSHOT/org.eclipse.kura.json.marshaller.unmarshaller.provider-2.0.0-SNAPSHOT-sources.jar:/home/simone/.m2/repository/org/eclipse/kura/org.eclipse.kura.net.configuration/2.0.0-SNAPSHOT/org.eclipse.kura.net.configuration-2.0.0-SNAPSHOT-sources.jar:/home/simone/.m2/repository/org/eclipse/kura/org.eclipse.kura.request.handler.jaxrs/2.0.0-SNAPSHOT/org.eclipse.kura.request.handler.jaxrs-2.0.0-SNAPSHOT.jar:/home/simone/.m2/repository/org/eclipse/kura/org.eclipse.kura.request.handler.jaxrs/2.0.0-SNAPSHOT/org.eclipse.kura.request.handler.jaxrs-2.0.0-SNAPSHOT-sources.jar:/home/simone/.m2/repository/org/eclipse/kura/org.eclipse.kura.rest.provider/2.0.0-SNAPSHOT/org.eclipse.kura.rest.provider-2.0.0-SNAPSHOT.jar:/home/simone/.m2/repository/p2/osgi/bundle/org.eclipse.osgitech.rest.servlet.whiteboard/1.2.3/org.eclipse.osgitech.rest.servlet.whiteboard-1.2.3.jar:/home/simone/.m2/repository/org/eclipse/kura/org.eclipse.kura.rest.provider/2.0.0-SNAPSHOT/org.eclipse.kura.rest.provider-2.0.0-SNAPSHOT-sources.jar:/home/simone/.m2/repository/org/eclipse/kura/org.eclipse.kura.useradmin.store/2.0.0-SNAPSHOT/org.eclipse.kura.useradmin.store-2.0.0-SNAPSHOT.jar:/home/simone/.m2/repository/org/eclipse/kura/org.eclipse.kura.useradmin.store/2.0.0-SNAPSHOT/org.eclipse.kura.useradmin.store-2.0.0-SNAPSHOT-sources.jar:/home/simone/.m2/repository/org/eclipse/kura/org.eclipse.kura.util/2.0.0-SNAPSHOT/org.eclipse.kura.util-2.0.0-SNAPSHOT-sources.jar:/home/simone/.m2/repository/org/eclipse/kura/org.eclipse.kura.wire.component.provider/3.0.0-SNAPSHOT/org.eclipse.kura.wire.component.provider-3.0.0-SNAPSHOT.jar:/home/simone/.m2/repository/org/eclipse/kura/org.eclipse.kura.wire.component.provider/3.0.0-SNAPSHOT/org.eclipse.kura.wire.component.provider-3.0.0-SNAPSHOT-sources.jar:/home/simone/.m2/repository/org/eclipse/kura/org.eclipse.kura.wire.helper.provider/2.0.0-SNAPSHOT/org.eclipse.kura.wire.helper.provider-2.0.0-SNAPSHOT.jar:/home/simone/.m2/repository/org/eclipse/kura/org.eclipse.kura.wire.helper.provider/2.0.0-SNAPSHOT/org.eclipse.kura.wire.helper.provider-2.0.0-SNAPSHOT-sources.jar:/home/simone/.m2/repository/org/eclipse/kura/org.eclipse.kura.wire.provider/2.0.0-SNAPSHOT/org.eclipse.kura.wire.provider-2.0.0-SNAPSHOT.jar:/home/simone/.m2/repository/org/eclipse/kura/org.eclipse.kura.wire.provider/2.0.0-SNAPSHOT/org.eclipse.kura.wire.provider-2.0.0-SNAPSHOT-sources.jar:/home/simone/.m2/repository/org/eclipse/kura/org.eclipse.kura.xml.marshaller.unmarshaller.provider/2.0.0-SNAPSHOT/org.eclipse.kura.xml.marshaller.unmarshaller.provider-2.0.0-SNAPSHOT.jar:/home/simone/.m2/repository/org/eclipse/kura/org.eclipse.kura.xml.marshaller.unmarshaller.provider/2.0.0-SNAPSHOT/org.eclipse.kura.xml.marshaller.unmarshaller.provider-2.0.0-SNAPSHOT-sources.jar:/home/simone/.m2/repository/p2/osgi/bundle/org.eclipse.osgitech.rest/1.2.3/org.eclipse.osgitech.rest-1.2.3.jar:/home/simone/.m2/repository/p2/osgi/bundle/org.eclipse.osgitech.rest.sse/1.2.3/org.eclipse.osgitech.rest.sse-1.2.3.jar:/home/simone/.m2/repository/p2/osgi/bundle/org.glassfish.hk2.api/3.1.1/org.glassfish.hk2.api-3.1.1.jar:/home/simone/.m2/repository/p2/osgi/bundle/org.glassfish.jersey.core.jersey-common/3.1.9/org.glassfish.jersey.core.jersey-common-3.1.9.jar:/home/simone/.m2/repository/p2/osgi/bundle/org.glassfish.jersey.core.jersey-client/3.1.9/org.glassfish.jersey.core.jersey-client-3.1.9.jar:/home/simone/.m2/repository/p2/osgi/bundle/org.glassfish.jersey.core.jersey-server/3.1.9/org.glassfish.jersey.core.jersey-server-3.1.9.jar:/home/simone/.m2/repository/p2/osgi/bundle/org.glassfish.jersey.containers.jersey-container-servlet-core/3.1.9/org.glassfish.jersey.containers.jersey-container-servlet-core-3.1.9.jar:/home/simone/.m2/repository/p2/osgi/bundle/org.glassfish.jersey.containers.jersey-container-servlet/3.1.9/org.glassfish.jersey.containers.jersey-container-servlet-3.1.9.jar:/home/simone/.m2/repository/p2/osgi/bundle/org.osgi.service.jakartars/2.0.0.202212101352/org.osgi.service.jakartars-2.0.0.202212101352.jar:/home/simone/.m2/repository/p2/osgi/bundle/org.glassfish.jersey.inject.jersey-hk2/3.1.9/org.glassfish.jersey.inject.jersey-hk2-3.1.9.jar:/home/simone/.m2/repository/p2/osgi/bundle/org.glassfish.jersey.media.jersey-media-jaxb/3.1.9/org.glassfish.jersey.media.jersey-media-jaxb-3.1.9.jar:/home/simone/.m2/repository/p2/osgi/bundle/org.glassfish.jersey.media.jersey-media-sse/3.1.9/org.glassfish.jersey.media.jersey-media-sse-3.1.9.jar:/home/simone/.m2/repository/p2/osgi/bundle/org.glassfish.hk2.external.aopalliance-repackaged/3.1.1/org.glassfish.hk2.external.aopalliance-repackaged-3.1.1.jar:/home/simone/.m2/repository/p2/osgi/bundle/org.glassfish.hk2.utils/3.1.1/org.glassfish.hk2.utils-3.1.1.jar:/home/simone/.m2/repository/p2/osgi/bundle/org.glassfish.hk2.locator/3.1.1/org.glassfish.hk2.locator-3.1.1.jar:/home/simone/.m2/repository/p2/osgi/bundle/org.glassfish.hk2.osgi-resource-locator/1.0.3/org.glassfish.hk2.osgi-resource-locator-1.0.3.jar:/home/simone/.m2/repository/p2/osgi/bundle/org.hamcrest/1.1.0.v20090501071000/org.hamcrest-1.1.0.v20090501071000.jar:/home/simone/.m2/repository/p2/osgi/bundle/org.hamcrest.core/1.3.0.v201303031735/org.hamcrest.core-1.3.0.v201303031735.jar:/home/simone/.m2/repository/p2/osgi/bundle/org.hamcrest.library/1.1.0.v20090501071000/org.hamcrest.library-1.1.0.v20090501071000.jar:/home/simone/.m2/repository/p2/osgi/bundle/org.hamcrest.integration/1.1.0.v201303031500/org.hamcrest.integration-1.1.0.v201303031500.jar:/home/simone/.m2/repository/p2/osgi/bundle/org.hamcrest.text/1.1.0.v20090501071000/org.hamcrest.text-1.1.0.v20090501071000.jar:/home/simone/.m2/repository/p2/osgi/bundle/net.bytebuddy.byte-buddy/1.12.18/net.bytebuddy.byte-buddy-1.12.18.jar:/home/simone/.m2/repository/p2/osgi/bundle/org.objenesis/3.3.0/org.objenesis-3.3.0.jar:/home/simone/.m2/repository/p2/osgi/bundle/org.objectweb.asm.tree/9.7.1/org.objectweb.asm.tree-9.7.1.jar:/home/simone/.m2/repository/p2/osgi/bundle/org.objectweb.asm.tree.analysis/9.7.1/org.objectweb.asm.tree.analysis-9.7.1.jar:/home/simone/.m2/repository/p2/osgi/bundle/org.osgi.util.function/1.2.0.202109301733/org.osgi.util.function-1.2.0.202109301733.jar:/home/simone/.m2/repository/p2/osgi/bundle/org.usb4java/2.0.0.SNAPSHOT/org.usb4java-2.0.0.SNAPSHOT.jar:/home/simone/.m2/repository/.cache/tycho/org.usb4java-2.0.0.SNAPSHOT.jar/libusb4java-1.2.0-linux-arm.jar:/home/simone/.m2/repository/.cache/tycho/org.usb4java-2.0.0.SNAPSHOT.jar/libusb4java-1.2.0-linux-x86_64.jar:"/>
    <property name="sun.cpu.endian" value="little"/>
    <property name="user.home" value="/home/simone"/>
    <property name="user.language" value="it"/>
    <property name="java.specification.vendor" value="Oracle Corporation"/>
    <property name="java.version.date" value="2025-01-21"/>
    <property name="java.home" value="/usr/lib/jvm/java-17-openjdk-amd64"/>
    <property name="file.separator" value="/"/>
    <property name="basedir" value="/home/simone/git/kura-apps/kura-examples/test/org.eclipse.kura.example.ble.tisensortag.dbus.test"/>
    <property name="java.vm.compressedOopsMode" value="Zero based"/>
    <property name="line.separator" value="&#10;"/>
    <property name="java.specification.name" value="Java Platform API Specification"/>
    <property name="java.vm.specification.vendor" value="Oracle Corporation"/>
    <property name="surefire.real.class.path" value="/home/simone/git/kura-apps/kura-examples/test/org.eclipse.kura.example.ble.tisensortag.dbus.test/target/surefire/surefirebooter4121003136647355642.jar"/>
    <property name="sun.management.compiler" value="HotSpot 64-Bit Tiered Compilers"/>
    <property name="java.runtime.version" value="17.0.14+7-Ubuntu-122.04.1"/>
    <property name="user.name" value="simone"/>
    <property name="path.separator" value=":"/>
    <property name="os.version" value="6.8.0-52-generic"/>
    <property name="java.runtime.name" value="OpenJDK Runtime Environment"/>
    <property name="file.encoding" value="UTF-8"/>
    <property name="java.vm.name" value="OpenJDK 64-Bit Server VM"/>
    <property name="localRepository" value="/home/simone/.m2/repository"/>
    <property name="java.vendor.url.bug" value="https://bugs.launchpad.net/ubuntu/+source/openjdk-17"/>
    <property name="java.io.tmpdir" value="/tmp"/>
    <property name="java.version" value="17.0.14"/>
    <property name="user.dir" value="/home/simone/git/kura-apps/kura-examples/test/org.eclipse.kura.example.ble.tisensortag.dbus.test"/>
    <property name="os.arch" value="amd64"/>
    <property name="java.vm.specification.name" value="Java Virtual Machine Specification"/>
    <property name="native.encoding" value="UTF-8"/>
    <property name="java.library.path" value="/usr/java/packages/lib:/usr/lib/x86_64-linux-gnu/jni:/lib/x86_64-linux-gnu:/usr/lib/x86_64-linux-gnu:/usr/lib/jni:/lib:/usr/lib"/>
    <property name="java.vm.info" value="mixed mode, sharing"/>
    <property name="java.vendor" value="Ubuntu"/>
    <property name="java.vm.version" value="17.0.14+7-Ubuntu-122.04.1"/>
    <property name="java.specification.maintenance.version" value="1"/>
    <property name="sun.io.unicode.encoding" value="UnicodeLittle"/>
    <property name="java.class.version" value="61.0"/>
  </properties>
  <testcase name="testActivateDeactivate" classname="org.eclipse.kura.example.ble.tisensortag.dbus.BluetoothLeTest" time="0.094"/>
  <testcase name="testReadSensorTags" classname="org.eclipse.kura.example.ble.tisensortag.dbus.BluetoothLeTest" time="8.01"/>
  <testcase name="testUpdate" classname="org.eclipse.kura.example.ble.tisensortag.dbus.BluetoothLeTest" time="1.016"/>
</testsuite>