<?xml version="1.0" encoding="UTF-8"?>
<testsuite xmlns:xsi="http://www.w3.org/2001/XMLSchema-instance" xsi:noNamespaceSchemaLocation="https://maven.apache.org/surefire/maven-surefire-plugin/xsd/surefire-test-report.xsd" version="3.0.2" name="org.eclipse.kura.example.wire.math.singleport.maximum.test.MaximumComponentTest" time="0.221" tests="3" errors="0" skipped="0" failures="0">
  <properties>
    <property name="java.specification.version" value="17"/>
    <property name="Log4jContextSelector" value="org.apache.logging.log4j.core.osgi.BundleContextSelector"/>
    <property name="sun.jnu.encoding" value="UTF-8"/>
    <property name="osgi.nl" value="it_IT"/>
    <property name="osgi.syspath" value="/home/simone/.m2/repository/p2/osgi/bundle/org.eclipse.osgi/3.21.0.v20240717-2103"/>
    <property name="sun.arch.data.model" value="64"/>
    <property name="equinox.init.uuid" value="true"/>
    <property name="org.eclipse.kura.mode" value="emulator"/>
    <property name="ds.delayed.keepInstances.default" value="true"/>
    <property name="java.vendor.url" value="https://ubuntu.com/"/>
    <property name="org.osgi.framework.system.capabilities" value="osgi.ee; osgi.ee=&quot;OSGi/Minimum&quot;; version:List&lt;Version&gt;=&quot;1.0, 1.1, 1.2&quot;, osgi.ee; osgi.ee=&quot;JRE&quot;; version:List&lt;Version&gt;=&quot;1.0, 1.1&quot;, osgi.ee; osgi.ee=&quot;JavaSE&quot;; version:List&lt;Version&gt;=&quot;1.0, 1.1, 1.2, 1.3, 1.4, 1.5, 1.6, 1.7, 1.8, 9.0, 10.0, 11.0, 12.0, 13.0, 14.0, 15.0, 16.0, 17.0&quot;,osgi.ee; osgi.ee=&quot;JavaSE/compact1&quot;; version:List&lt;Version&gt;=&quot;1.8, 9.0, 10.0, 11.0, 12.0, 13.0, 14.0, 15.0, 16.0, 17.0&quot;,osgi.ee; osgi.ee=&quot;JavaSE/compact2&quot;; version:List&lt;Version&gt;=&quot;1.8, 9.0, 10.0, 11.0, 12.0, 13.0, 14.0, 15.0, 16.0, 17.0&quot;,osgi.ee; osgi.ee=&quot;JavaSE/compact3&quot;; version:List&lt;Version&gt;=&quot;1.8, 9.0, 10.0, 11.0, 12.0, 13.0, 14.0, 15.0, 16.0, 17.0&quot;"/>
    <property name="sun.boot.library.path" value="/usr/lib/jvm/java-17-openjdk-amd64/lib"/>
    <property name="kura.configuration" value="file:/home/simone/git/kura-apps/kura-examples/test/org.eclipse.kura.example.wire.math.singleport.provider.test/../../../emulator/org.eclipse.kura.emulator/src/main/resources/kura.properties"/>
    <property name="sun.java.command" value="/home/simone/.m2/repository/p2/osgi/bundle/org.eclipse.equinox.launcher/1.6.900.v20240613-2009/org.eclipse.equinox.launcher-1.6.900.v20240613-2009.jar -data /home/simone/git/kura-apps/kura-examples/test/org.eclipse.kura.example.wire.math.singleport.provider.test/target/work/data -install /home/simone/git/kura-apps/kura-examples/test/org.eclipse.kura.example.wire.math.singleport.provider.test/target/work -configuration /home/simone/git/kura-apps/kura-examples/test/org.eclipse.kura.example.wire.math.singleport.provider.test/target/work/configuration -application org.eclipse.tycho.surefire.osgibooter.headlesstest -testproperties /home/simone/git/kura-apps/kura-examples/test/org.eclipse.kura.example.wire.math.singleport.provider.test/target/surefire.properties -consoleLog -console 5002"/>
    <property name="jdk.debug" value="release"/>
    <property name="org.osgi.supports.framework.requirebundle" value="true"/>
    <property name="osgi.arch" value="x86_64"/>
    <property name="java.specification.vendor" value="Oracle Corporation"/>
    <property name="org.osgi.framework.language" value="it"/>
    <property name="org.osgi.framework.system.packages" value="com.sun.jarsigner, com.sun.java.accessibility.util, com.sun.jdi, com.sun.jdi.connect, com.sun.jdi.connect.spi, com.sun.jdi.event, com.sun.jdi.request, com.sun.management, com.sun.net.httpserver, com.sun.net.httpserver.spi, com.sun.nio.file, com.sun.nio.sctp, com.sun.security.auth, com.sun.security.auth.callback, com.sun.security.auth.login, com.sun.security.auth.module, com.sun.security.jgss, com.sun.source.doctree, com.sun.source.tree, com.sun.source.util, com.sun.tools.attach, com.sun.tools.attach.spi, com.sun.tools.javac, com.sun.tools.jconsole, java.applet, java.awt, java.awt.color, java.awt.datatransfer, java.awt.desktop, java.awt.dnd, java.awt.event, java.awt.font, java.awt.geom, java.awt.im, java.awt.im.spi, java.awt.image, java.awt.image.renderable, java.awt.print, java.beans, java.beans.beancontext, java.io, java.lang, java.lang.annotation, java.lang.constant, java.lang.instrument, java.lang.invoke, java.lang.management, java.lang.module, java.lang.ref, java.lang.reflect, java.lang.runtime, java.math, java.net, java.net.http, java.net.spi, java.nio, java.nio.channels, java.nio.channels.spi, java.nio.charset, java.nio.charset.spi, java.nio.file, java.nio.file.attribute, java.nio.file.spi, java.rmi, java.rmi.dgc, java.rmi.registry, java.rmi.server, java.security, java.security.cert, java.security.interfaces, java.security.spec, java.sql, java.text, java.text.spi, java.time, java.time.chrono, java.time.format, java.time.temporal, java.time.zone, java.util, java.util.concurrent, java.util.concurrent.atomic, java.util.concurrent.locks, java.util.function, java.util.jar, java.util.logging, java.util.prefs, java.util.random, java.util.regex, java.util.spi, java.util.stream, java.util.zip, javax.accessibility, javax.annotation.processing, javax.crypto, javax.crypto.interfaces, javax.crypto.spec, javax.imageio, javax.imageio.event, javax.imageio.metadata, javax.imageio.plugins.bmp, javax.imageio.plugins.jpeg, javax.imageio.plugins.tiff, javax.imageio.spi, javax.imageio.stream, javax.lang.model, javax.lang.model.element, javax.lang.model.type, javax.lang.model.util, javax.management, javax.management.loading, javax.management.modelmbean, javax.management.monitor, javax.management.openmbean, javax.management.relation, javax.management.remote, javax.management.remote.rmi, javax.management.timer, javax.naming, javax.naming.directory, javax.naming.event, javax.naming.ldap, javax.naming.ldap.spi, javax.naming.spi, javax.net, javax.net.ssl, javax.print, javax.print.attribute, javax.print.attribute.standard, javax.print.event, javax.rmi.ssl, javax.script, javax.security.auth, javax.security.auth.callback, javax.security.auth.kerberos, javax.security.auth.login, javax.security.auth.spi, javax.security.auth.x500, javax.security.cert, javax.security.sasl, javax.smartcardio, javax.sound.midi, javax.sound.midi.spi, javax.sound.sampled, javax.sound.sampled.spi, javax.sql, javax.sql.rowset, javax.sql.rowset.serial, javax.sql.rowset.spi, javax.swing, javax.swing.border, javax.swing.colorchooser, javax.swing.event, javax.swing.filechooser, javax.swing.plaf, javax.swing.plaf.basic, javax.swing.plaf.metal, javax.swing.plaf.multi, javax.swing.plaf.nimbus, javax.swing.plaf.synth, javax.swing.table, javax.swing.text, javax.swing.text.html, javax.swing.text.html.parser, javax.swing.text.rtf, javax.swing.tree, javax.swing.undo, javax.tools, javax.transaction.xa, javax.xml, javax.xml.catalog, javax.xml.crypto, javax.xml.crypto.dom, javax.xml.crypto.dsig, javax.xml.crypto.dsig.dom, javax.xml.crypto.dsig.keyinfo, javax.xml.crypto.dsig.spec, javax.xml.datatype, javax.xml.namespace, javax.xml.parsers, javax.xml.stream, javax.xml.stream.events, javax.xml.stream.util, javax.xml.transform, javax.xml.transform.dom, javax.xml.transform.sax, javax.xml.transform.stax, javax.xml.transform.stream, javax.xml.validation, javax.xml.xpath, jdk.dynalink, jdk.dynalink.beans, jdk.dynalink.linker, jdk.dynalink.linker.support, jdk.dynalink.support, jdk.javadoc.doclet, jdk.jfr, jdk.jfr.consumer, jdk.jshell, jdk.jshell.execution, jdk.jshell.spi, jdk.jshell.tool, jdk.management.jfr, jdk.net, jdk.nio, jdk.nio.mapmode, jdk.security.jarsigner, jdk.swing.interop, netscape.javascript, org.ietf.jgss, org.w3c.dom, org.w3c.dom.bootstrap, org.w3c.dom.css, org.w3c.dom.events, org.w3c.dom.html, org.w3c.dom.ls, org.w3c.dom.ranges, org.w3c.dom.stylesheets, org.w3c.dom.traversal, org.w3c.dom.views, org.w3c.dom.xpath, org.xml.sax, org.xml.sax.ext, org.xml.sax.helpers, sun.misc, sun.reflect"/>
    <property name="gosh.args" value="--nointeractive"/>
    <property name="eclipse.application" value="org.eclipse.tycho.surefire.osgibooter.headlesstest"/>
    <property name="java.version.date" value="2025-01-21"/>
    <property name="java.home" value="/usr/lib/jvm/java-17-openjdk-amd64"/>
    <property name="file.separator" value="/"/>
    <property name="osgi.noShutdown" value="false"/>
    <property name="java.vm.compressedOopsMode" value="Zero based"/>
    <property name="line.separator" value="&#10;"/>
    <property name="org.osgi.framework.executionenvironment" value="OSGi/Minimum-1.0, OSGi/Minimum-1.1, OSGi/Minimum-1.2, JavaSE/compact1-1.8, JavaSE/compact2-1.8, JavaSE/compact3-1.8, JRE-1.1, J2SE-1.2, J2SE-1.3, J2SE-1.4, J2SE-1.5, JavaSE-1.6, JavaSE-1.7, JavaSE-1.8, JavaSE-9, JavaSE-10, JavaSE-11, JavaSE-12, JavaSE-13, JavaSE-14, JavaSE-15, JavaSE-16, JavaSE-17"/>
    <property name="java.vm.specification.vendor" value="Oracle Corporation"/>
    <property name="java.specification.name" value="Java Platform API Specification"/>
    <property name="osgi.compatibility.bootdelegation.default" value="true"/>
    <property name="dpa.configuration" value="/tmp/kura/dpa.properties"/>
    <property name="sun.management.compiler" value="HotSpot 64-Bit Tiered Compilers"/>
    <property name="java.runtime.version" value="17.0.14+7-Ubuntu-122.04.1"/>
    <property name="user.name" value="simone"/>
    <property name="osgi.framework.useSystemProperties" value="true"/>
    <property name="org.osgi.framework.vendor" value="Eclipse"/>
    <property name="file.encoding" value="UTF-8"/>
    <property name="osgi.dev" value="file:/home/simone/git/kura-apps/kura-examples/test/org.eclipse.kura.example.wire.math.singleport.provider.test/target/work/dev.properties"/>
    <property name="java.io.tmpdir" value="/tmp"/>
    <property name="eclipse.home.location" value="file:/home/simone/git/kura-apps/kura-examples/test/org.eclipse.kura.example.wire.math.singleport.provider.test/target/work/"/>
    <property name="java.version" value="17.0.14"/>
    <property name="osgi.bundles.defaultStartLevel" value="4"/>
    <property name="java.vm.specification.name" value="Java Virtual Machine Specification"/>
    <property name="osgi.configuration.cascaded" value="false"/>
    <property name="kura.snapshots" value="/home/simone/git/kura-apps/kura-examples/test/org.eclipse.kura.example.wire.math.singleport.provider.test/target/"/>
    <property name="native.encoding" value="UTF-8"/>
    <property name="java.library.path" value="/usr/java/packages/lib:/usr/lib/x86_64-linux-gnu/jni:/lib/x86_64-linux-gnu:/usr/lib/x86_64-linux-gnu:/usr/lib/jni:/lib:/usr/lib"/>
    <property name="java.vendor" value="Ubuntu"/>
    <property name="java.specification.maintenance.version" value="1"/>
    <property name="sun.io.unicode.encoding" value="UnicodeLittle"/>
    <property name="eclipse.stateSaveDelayInterval" value="30000"/>
    <property name="osgi.checkConfiguration" value="true"/>
    <property name="log4j.configurationFile" value="file:/home/simone/git/kura-apps/kura-examples/test/org.eclipse.kura.example.wire.math.singleport.provider.test/../../../emulator/org.eclipse.kura.emulator/src/main/resources/log4j.xml"/>
    <property name="org.osgi.framework.version" value="1.10.0"/>
    <property name="java.class.path" value="/home/simone/.m2/repository/p2/osgi/bundle/org.eclipse.equinox.launcher/1.6.900.v20240613-2009/org.eclipse.equinox.launcher-1.6.900.v20240613-2009.jar"/>
    <property name="java.vm.vendor" value="Ubuntu"/>
    <property name="osgi.bundlefile.limit" value="100"/>
    <property name="user.timezone" value="Europe/Rome"/>
    <property name="org.osgi.framework.uuid" value="e018d81d-c5bf-43d2-9195-4e499d9900ef"/>
    <property name="java.vm.specification.version" value="17"/>
    <property name="os.name" value="Linux"/>
    <property name="org.osgi.framework.processor" value="x86-64"/>
    <property name="sun.java.launcher" value="SUN_STANDARD"/>
    <property name="user.country" value="IT"/>
    <property name="osgi.console" value="5002"/>
    <property name="sun.cpu.endian" value="little"/>
    <property name="osgi.logfile" value="/home/simone/git/kura-apps/kura-examples/test/org.eclipse.kura.example.wire.math.singleport.provider.test/target/work/configuration/1741952909106.log"/>
    <property name="user.home" value="/home/simone"/>
    <property name="osgi.install.area" value="file:/home/simone/git/kura-apps/kura-examples/test/org.eclipse.kura.example.wire.math.singleport.provider.test/target/work/"/>
    <property name="user.language" value="it"/>
    <property name="osgi.locking" value="none"/>
    <property name="ds.delayed.keepInstances" value="true"/>
    <property name="eclipse.commands" value="-data&#10;/home/simone/git/kura-apps/kura-examples/test/org.eclipse.kura.example.wire.math.singleport.provider.test/target/work/data&#10;-install&#10;/home/simone/git/kura-apps/kura-examples/test/org.eclipse.kura.example.wire.math.singleport.provider.test/target/work&#10;-configuration&#10;/home/simone/git/kura-apps/kura-examples/test/org.eclipse.kura.example.wire.math.singleport.provider.test/target/work/configuration&#10;-application&#10;org.eclipse.tycho.surefire.osgibooter.headlesstest&#10;-testproperties&#10;/home/simone/git/kura-apps/kura-examples/test/org.eclipse.kura.example.wire.math.singleport.provider.test/target/surefire.properties&#10;-consoleLog&#10;-console&#10;5002&#10;"/>
    <property name="path.separator" value=":"/>
    <property name="ds.showtrace" value="true"/>
    <property name="osgi.compatibility.bootdelegation" value="true"/>
    <property name="os.version" value="6.8.0-52-generic"/>
    <property name="java.runtime.name" value="OpenJDK Runtime Environment"/>
    <property name="eclipse.consoleLog" value="true"/>
    <property name="org.osgi.supports.framework.fragment" value="true"/>
    <property name="osgi.bundles" value="reference:file:/home/simone/.m2/repository/org/eclipse/kura/org.eclipse.kura.core.keystore/2.0.0-SNAPSHOT/org.eclipse.kura.core.keystore-2.0.0-SNAPSHOT.jar,reference:file:/home/simone/.m2/repository/p2/osgi/bundle/org.apache.logging.log4j.core/2.23.1/org.apache.logging.log4j.core-2.23.1.jar@4:start,reference:file:/home/simone/.m2/repository/p2/osgi/bundle/org.apache.felix.deploymentadmin/0.9.5/org.apache.felix.deploymentadmin-0.9.5.jar,reference:file:/home/simone/.m2/repository/org/eclipse/tycho/org.eclipse.tycho.surefire.osgibooter/4.0.11/org.eclipse.tycho.surefire.osgibooter-4.0.11.jar,reference:file:/home/simone/.m2/repository/org/eclipse/kura/org.eclipse.kura.core.inventory/2.0.0-SNAPSHOT/org.eclipse.kura.core.inventory-2.0.0-SNAPSHOT-sources.jar,reference:file:/home/simone/.m2/repository/p2/osgi/bundle/org.apache.felix.dependencymanager/3.0.0/org.apache.felix.dependencymanager-3.0.0.jar,reference:file:/home/simone/.m2/repository/org/eclipse/kura/org.eclipse.kura.core/2.0.0-SNAPSHOT/org.eclipse.kura.core-2.0.0-SNAPSHOT.jar,reference:file:/home/simone/.m2/repository/p2/osgi/bundle/org.eclipse.equinox.event/1.7.100.v20240321-1445/org.eclipse.equinox.event-1.7.100.v20240321-1445.jar@4:start,reference:file:/home/simone/.m2/repository/p2/osgi/bundle/org.eclipse.equinox.io/1.1.300.v20180827-1235/org.eclipse.equinox.io-1.1.300.v20180827-1235.jar@4:start,reference:file:/home/simone/.m2/repository/p2/osgi/bundle/org.apache.felix.gogo.shell/1.1.4/org.apache.felix.gogo.shell-1.1.4.jar@3:start,reference:file:/home/simone/.m2/repository/org/eclipse/kura/org.eclipse.kura.core.crypto/2.0.0-SNAPSHOT/org.eclipse.kura.core.crypto-2.0.0-SNAPSHOT-sources.jar,reference:file:/home/simone/.m2/repository/p2/osgi/bundle/org.apache.commons.commons-io/2.18.0/org.apache.commons.commons-io-2.18.0.jar@4:start,reference:file:/home/simone/.m2/repository/org/eclipse/kura/org.eclipse.kura.core.crypto/2.0.0-SNAPSHOT/org.eclipse.kura.core.crypto-2.0.0-SNAPSHOT.jar@4:start,reference:file:/home/simone/.m2/repository/p2/osgi/bundle/org.apache.logging.log4j.api/2.23.1/org.apache.logging.log4j.api-2.23.1.jar@4:start,reference:file:/home/simone/.m2/repository/p2/osgi/bundle/bcutil/1.78.1/bcutil-1.78.1.jar,reference:file:/home/simone/.m2/repository/p2/osgi/bundle/jakarta.activation-api/1.2.2/jakarta.activation-api-1.2.2.jar,reference:file:/home/simone/.m2/repository/p2/osgi/bundle/org.eclipse.equinox.wireadmin/1.0.800.v20180827-1235/org.eclipse.equinox.wireadmin-1.0.800.v20180827-1235.jar@4:start,reference:file:/home/simone/.m2/repository/org/eclipse/kura/org.eclipse.kura.xml.marshaller.unmarshaller.provider/2.0.0-SNAPSHOT/org.eclipse.kura.xml.marshaller.unmarshaller.provider-2.0.0-SNAPSHOT.jar@3:start,reference:file:/home/simone/.m2/repository/p2/osgi/bundle/org.osgi.service.prefs/1.1.2.202109301733/org.osgi.service.prefs-1.1.2.202109301733.jar,reference:file:/home/simone/.m2/repository/p2/osgi/bundle/org.apache.felix.scr/2.2.12/org.apache.felix.scr-2.2.12.jar@1:start,reference:file:/home/simone/.m2/repository/p2/osgi/bundle/org.osgi.util.promise/1.3.0.202212101352/org.osgi.util.promise-1.3.0.202212101352.jar,reference:file:/home/simone/.m2/repository/p2/osgi/bundle/org.eclipse.equinox.util/1.1.300.v20190714-1852/org.eclipse.equinox.util-1.1.300.v20190714-1852.jar@4:start,reference:file:/home/simone/.m2/repository/org/eclipse/kura/org.eclipse.kura.xml.marshaller.unmarshaller.provider/2.0.0-SNAPSHOT/org.eclipse.kura.xml.marshaller.unmarshaller.provider-2.0.0-SNAPSHOT-sources.jar,reference:file:/home/simone/.m2/repository/org/eclipse/kura/org.eclipse.kura.emulator/2.0.0-SNAPSHOT/org.eclipse.kura.emulator-2.0.0-SNAPSHOT.jar@4:start,reference:file:/home/simone/.m2/repository/p2/osgi/bundle/org.osgi.service.component/1.5.1.202212101352/org.osgi.service.component-1.5.1.202212101352.jar,reference:file:/home/simone/.m2/repository/p2/osgi/bundle/org.osgi.util.position/1.0.1.201505202026/org.osgi.util.position-1.0.1.201505202026.jar,reference:file:/home/simone/.m2/repository/p2/osgi/bundle/org.osgi.service.coordinator/1.0.2.201505202024/org.osgi.service.coordinator-1.0.2.201505202024.jar,reference:file:/home/simone/.m2/repository/org/eclipse/kura/org.eclipse.kura.emulator.net/2.0.0-SNAPSHOT/org.eclipse.kura.emulator.net-2.0.0-SNAPSHOT-sources.jar,reference:file:/home/simone/.m2/repository/p2/osgi/bundle/org.eclipse.equinox.app/1.7.200.v20240722-2103/org.eclipse.equinox.app-1.7.200.v20240722-2103.jar,reference:file:/home/simone/.m2/repository/p2/osgi/bundle/org.usb4java/2.0.0.SNAPSHOT/org.usb4java-2.0.0.SNAPSHOT.jar,reference:file:/home/simone/.m2/repository/org/eclipse/kura/org.eclipse.kura.core.configuration/3.0.0-SNAPSHOT/org.eclipse.kura.core.configuration-3.0.0-SNAPSHOT-sources.jar,reference:file:/home/simone/.m2/repository/p2/osgi/bundle/org.hamcrest.library/1.1.0.v20090501071000/org.hamcrest.library-1.1.0.v20090501071000.jar,reference:file:/home/simone/.m2/repository/p2/osgi/bundle/org.eclipse.equinox.cm/1.6.100.v20240329-0940/org.eclipse.equinox.cm-1.6.100.v20240329-0940.jar@4:start,reference:file:/home/simone/.m2/repository/org/eclipse/kura/org.eclipse.kura.util/2.0.0-SNAPSHOT/org.eclipse.kura.util-2.0.0-SNAPSHOT-sources.jar,reference:file:/home/simone/.m2/repository/p2/osgi/bundle/org.hamcrest.integration/1.1.0.v201303031500/org.hamcrest.integration-1.1.0.v201303031500.jar,reference:file:/home/simone/git/kura-apps/kura-examples/test/org.eclipse.kura.example.wire.math.singleport.provider.test,reference:file:/home/simone/.m2/repository/p2/osgi/bundle/org.osgi.service.cm/1.6.1.202109301733/org.osgi.service.cm-1.6.1.202109301733.jar,reference:file:/home/simone/.m2/repository/org/eclipse/kura/org.eclipse.kura.core.keystore/2.0.0-SNAPSHOT/org.eclipse.kura.core.keystore-2.0.0-SNAPSHOT-sources.jar,reference:file:/home/simone/.m2/repository/p2/osgi/bundle/org.apache.felix.gogo.runtime/1.1.6/org.apache.felix.gogo.runtime-1.1.6.jar@3:start,reference:file:/home/simone/.m2/repository/p2/osgi/bundle/slf4j.api/1.7.36/slf4j.api-1.7.36.jar,reference:file:/home/simone/.m2/repository/p2/osgi/bundle/org.hamcrest.text/1.1.0.v20090501071000/org.hamcrest.text-1.1.0.v20090501071000.jar,reference:file:/home/simone/.m2/repository/p2/osgi/bundle/org.eclipse.core.runtime/3.31.100.v20240524-2010/org.eclipse.core.runtime-3.31.100.v20240524-2010.jar@4:start,reference:file:/home/simone/.m2/repository/p2/osgi/bundle/org.quartz-scheduler.quartz/2.3.2/org.quartz-scheduler.quartz-2.3.2.jar,reference:file:/home/simone/.m2/repository/p2/osgi/bundle/org.osgi.service.wireadmin/1.0.2.202109301733/org.osgi.service.wireadmin-1.0.2.202109301733.jar,reference:file:/home/simone/.m2/repository/p2/osgi/bundle/org.hamcrest/1.1.0.v20090501071000/org.hamcrest-1.1.0.v20090501071000.jar,reference:file:/home/simone/.m2/repository/p2/osgi/bundle/org.junit/4.12.0.v201504281640/org.junit-4.12.0.v201504281640.jar@4:start,reference:file:/home/simone/.m2/repository/org/eclipse/kura/org.eclipse.kura.core.system/2.0.0-SNAPSHOT/org.eclipse.kura.core.system-2.0.0-SNAPSHOT.jar,reference:file:/home/simone/.m2/repository/org/eclipse/kura/org.eclipse.kura.core.net/2.0.0-SNAPSHOT/org.eclipse.kura.core.net-2.0.0-SNAPSHOT-sources.jar,reference:file:/home/simone/.m2/repository/p2/osgi/bundle/org.apache.logging.log4j.slf4j.impl/2.23.1/org.apache.logging.log4j.slf4j.impl-2.23.1.jar,reference:file:/home/simone/.m2/repository/p2/osgi/bundle/com.google.gson/2.9.0/com.google.gson-2.9.0.jar,reference:file:/home/simone/.m2/repository/p2/osgi/bundle/usb4java-javax/2.0.0.SNAPSHOT/usb4java-javax-2.0.0.SNAPSHOT.jar,reference:file:/home/simone/.m2/repository/p2/osgi/bundle/org.eclipse.equinox.registry/3.12.100.v20240524-2011/org.eclipse.equinox.registry-3.12.100.v20240524-2011.jar@4:start,reference:file:/home/simone/.m2/repository/p2/osgi/bundle/com.google.guava.failureaccess/1.0.1/com.google.guava.failureaccess-1.0.1.jar,reference:file:/home/simone/.m2/repository/org/eclipse/kura/org.eclipse.kura.net.configuration/2.0.0-SNAPSHOT/org.eclipse.kura.net.configuration-2.0.0-SNAPSHOT-sources.jar,reference:file:/home/simone/.m2/repository/p2/osgi/bundle/org.eclipse.core.jobs/3.15.400.v20240619-0602/org.eclipse.core.jobs-3.15.400.v20240619-0602.jar,reference:file:/home/simone/.m2/repository/org/eclipse/kura/org.eclipse.kura.wire.provider/2.0.0-SNAPSHOT/org.eclipse.kura.wire.provider-2.0.0-SNAPSHOT-sources.jar,reference:file:/home/simone/git/kura-apps/kura-examples/test/org.eclipse.kura.example.wire.math.singleport.provider.test,reference:file:/home/simone/.m2/repository/p2/osgi/bundle/com.zaxxer.HikariCP/2.7.9/com.zaxxer.HikariCP-2.7.9.jar,reference:file:/home/simone/.m2/repository/p2/osgi/bundle/org.osgi.service.event/1.4.1.202109301733/org.osgi.service.event-1.4.1.202109301733.jar,reference:file:/home/simone/.m2/repository/org/eclipse/kura/org.eclipse.kura.core.net/2.0.0-SNAPSHOT/org.eclipse.kura.core.net-2.0.0-SNAPSHOT.jar,reference:file:/home/simone/.m2/repository/p2/osgi/bundle/org.apache.commons.exec/1.3.0/org.apache.commons.exec-1.3.0.jar,reference:file:/home/simone/.m2/repository/p2/osgi/bundle/org.osgi.service.useradmin/1.1.1.202109301733/org.osgi.service.useradmin-1.1.1.202109301733.jar,reference:file:/home/simone/.m2/repository/org/eclipse/kura/org.eclipse.kura.api/3.0.0-SNAPSHOT/org.eclipse.kura.api-3.0.0-SNAPSHOT.jar@4:start,reference:file:/home/simone/.m2/repository/org/eclipse/kura/org.eclipse.kura.emulator.net/2.0.0-SNAPSHOT/org.eclipse.kura.emulator.net-2.0.0-SNAPSHOT.jar@4:start,reference:file:/home/simone/.m2/repository/p2/osgi/bundle/org.osgi.util.measurement/1.0.2.201802012109/org.osgi.util.measurement-1.0.2.201802012109.jar,reference:file:/home/simone/.m2/repository/p2/osgi/bundle/minimal-json/0.9.5/minimal-json-0.9.5.jar,reference:file:/home/simone/.m2/repository/p2/osgi/bundle/org.eclipse.osgi.util/3.7.300.v20231104-1118/org.eclipse.osgi.util-3.7.300.v20231104-1118.jar@4:start,reference:file:/home/simone/.m2/repository/org/eclipse/kura/org.eclipse.kura.core.configuration/3.0.0-SNAPSHOT/org.eclipse.kura.core.configuration-3.0.0-SNAPSHOT.jar@4:start,reference:file:/home/simone/.m2/repository/org/eclipse/kura/org.eclipse.kura.api/3.0.0-SNAPSHOT/org.eclipse.kura.api-3.0.0-SNAPSHOT-sources.jar,reference:file:/home/simone/.m2/repository/p2/osgi/bundle/org.eclipse.soda.dk.comm/2.0.0.SNAPSHOT/org.eclipse.soda.dk.comm-2.0.0.SNAPSHOT.jar,reference:file:/home/simone/.m2/repository/p2/osgi/bundle/org.eclipse.equinox.launcher/1.6.900.v20240613-2009/org.eclipse.equinox.launcher-1.6.900.v20240613-2009.jar,reference:file:/home/simone/.m2/repository/org/eclipse/kura/org.eclipse.kura.wire.provider/2.0.0-SNAPSHOT/org.eclipse.kura.wire.provider-2.0.0-SNAPSHOT.jar@4:start,reference:file:/home/simone/.m2/repository/org/eclipse/kura/org.eclipse.kura.wire.helper.provider/2.0.0-SNAPSHOT/org.eclipse.kura.wire.helper.provider-2.0.0-SNAPSHOT-sources.jar,reference:file:/home/simone/.m2/repository/org/eclipse/kura/org.eclipse.kura.util.wire.test/6.0.0-SNAPSHOT/org.eclipse.kura.util.wire.test-6.0.0-SNAPSHOT.jar,reference:file:/home/simone/.m2/repository/org/eclipse/kura/org.eclipse.kura.core.inventory/2.0.0-SNAPSHOT/org.eclipse.kura.core.inventory-2.0.0-SNAPSHOT.jar,reference:file:/home/simone/.m2/repository/org/eclipse/kura/org.eclipse.kura.util/2.0.0-SNAPSHOT/org.eclipse.kura.util-2.0.0-SNAPSHOT.jar,reference:file:/home/simone/git/kura-apps/kura-examples/org.eclipse.kura.example.wire.math.singleport.provider/target/org.eclipse.kura.example.wire.math.singleport.provider-2.0.0-SNAPSHOT.jar,reference:file:/home/simone/.m2/repository/p2/osgi/bundle/jakarta.xml.bind-api/2.3.3/jakarta.xml.bind-api-2.3.3.jar,reference:file:/home/simone/.m2/repository/p2/osgi/bundle/com.google.guava/32.1.1.jre/com.google.guava-32.1.1.jre.jar,reference:file:/home/simone/.m2/repository/p2/osgi/bundle/bcprov/1.78.1/bcprov-1.78.1.jar,reference:file:/home/simone/.m2/repository/p2/osgi/bundle/bcpkix/1.78.1/bcpkix-1.78.1.jar,reference:file:/home/simone/.m2/repository/p2/osgi/bundle/org.eclipse.equinox.preferences/3.11.100.v20240327-0645/org.eclipse.equinox.preferences-3.11.100.v20240327-0645.jar,reference:file:/home/simone/.m2/repository/org/eclipse/kura/org.eclipse.kura.emulator/2.0.0-SNAPSHOT/org.eclipse.kura.emulator-2.0.0-SNAPSHOT-sources.jar,reference:file:/home/simone/.m2/repository/org/eclipse/kura/org.eclipse.kura.core/2.0.0-SNAPSHOT/org.eclipse.kura.core-2.0.0-SNAPSHOT-sources.jar,reference:file:/home/simone/.m2/repository/p2/osgi/bundle/org.osgi.util.function/1.2.0.202109301733/org.osgi.util.function-1.2.0.202109301733.jar,reference:file:/home/simone/.m2/repository/p2/osgi/bundle/org.apache.felix.gogo.command/1.1.2/org.apache.felix.gogo.command-1.1.2.jar@3:start,reference:file:/home/simone/.m2/repository/org/eclipse/tycho/org.eclipse.tycho.surefire.junit4/4.0.11/org.eclipse.tycho.surefire.junit4-4.0.11.jar,reference:file:/home/simone/.m2/repository/p2/osgi/bundle/org.apache.servicemix.bundles.c3p0/0.9.5.5_1/org.apache.servicemix.bundles.c3p0-0.9.5.5_1.jar,reference:file:/home/simone/git/kura-apps/kura-examples/org.eclipse.kura.example.wire.math.singleport.provider/target/org.eclipse.kura.example.wire.math.singleport.provider-2.0.0-SNAPSHOT-sources.jar,reference:file:/home/simone/.m2/repository/org/eclipse/kura/org.eclipse.kura.json.marshaller.unmarshaller.provider/2.0.0-SNAPSHOT/org.eclipse.kura.json.marshaller.unmarshaller.provider-2.0.0-SNAPSHOT-sources.jar,reference:file:/home/simone/.m2/repository/p2/osgi/bundle/org.eclipse.equinox.common/3.19.100.v20240524-2011/org.eclipse.equinox.common-3.19.100.v20240524-2011.jar@4:start,reference:file:/home/simone/.m2/repository/org/eclipse/kura/org.eclipse.kura.net.configuration/2.0.0-SNAPSHOT/org.eclipse.kura.net.configuration-2.0.0-SNAPSHOT.jar,reference:file:/home/simone/.m2/repository/p2/osgi/bundle/org.osgi.service.metatype/1.4.1.202109301733/org.osgi.service.metatype-1.4.1.202109301733.jar,reference:file:/home/simone/.m2/repository/p2/osgi/bundle/org.eclipse.equinox.metatype/1.6.600.v20240513-1104/org.eclipse.equinox.metatype-1.6.600.v20240513-1104.jar@4:start,reference:file:/home/simone/.m2/repository/org/eclipse/kura/org.eclipse.kura.json.marshaller.unmarshaller.provider/2.0.0-SNAPSHOT/org.eclipse.kura.json.marshaller.unmarshaller.provider-2.0.0-SNAPSHOT.jar@3:start,reference:file:/home/simone/.m2/repository/p2/osgi/bundle/log4j2-api-config/2.0.0.SNAPSHOT/log4j2-api-config-2.0.0.SNAPSHOT.jar@4,reference:file:/home/simone/.m2/repository/p2/osgi/bundle/org.hamcrest.core/1.3.0.v201303031735/org.hamcrest.core-1.3.0.v201303031735.jar@4:start,reference:file:/home/simone/.m2/repository/p2/osgi/bundle/org.osgi.util.xml/1.0.2.202109301733/org.osgi.util.xml-1.0.2.202109301733.jar,reference:file:/home/simone/.m2/repository/org/eclipse/kura/org.eclipse.kura.wire.helper.provider/2.0.0-SNAPSHOT/org.eclipse.kura.wire.helper.provider-2.0.0-SNAPSHOT.jar@4:start,reference:file:/home/simone/.m2/repository/p2/osgi/bundle/org.apache.commons.lang3/3.12.0/org.apache.commons.lang3-3.12.0.jar,reference:file:/home/simone/.m2/repository/p2/osgi/bundle/org.eclipse.core.contenttype/3.9.500.v20240708-0707/org.eclipse.core.contenttype-3.9.500.v20240708-0707.jar,reference:file:/home/simone/.m2/repository/org/eclipse/kura/org.eclipse.kura.util.wire.test/6.0.0-SNAPSHOT/org.eclipse.kura.util.wire.test-6.0.0-SNAPSHOT-sources.jar,reference:file:/home/simone/.m2/repository/p2/osgi/bundle/org.eclipse.equinox.console/1.4.800.v20240513-1104/org.eclipse.equinox.console-1.4.800.v20240513-1104.jar,reference:file:/home/simone/.m2/repository/org/eclipse/kura/org.eclipse.kura.core.system/2.0.0-SNAPSHOT/org.eclipse.kura.core.system-2.0.0-SNAPSHOT-sources.jar"/>
    <property name="buildingWithTycho" value="true"/>
    <property name="osgi.framework.shape" value="jar"/>
    <property name="java.vm.name" value="OpenJDK 64-Bit Server VM"/>
    <property name="osgi.framework" value="file:/home/simone/.m2/repository/p2/osgi/bundle/org.eclipse.osgi/3.21.0.v20240717-2103/org.eclipse.osgi-3.21.0.v20240717-2103.jar"/>
    <property name="osgi.configuration.area" value="file:/home/simone/git/kura-apps/kura-examples/test/org.eclipse.kura.example.wire.math.singleport.provider.test/target/work/configuration/"/>
    <property name="osgi.os" value="linux"/>
    <property name="osgi.clean" value="true"/>
    <property name="java.vendor.url.bug" value="https://bugs.launchpad.net/ubuntu/+source/openjdk-17"/>
    <property name="org.osgi.framework.os.name" value="Linux"/>
    <property name="org.osgi.supports.framework.extension" value="true"/>
    <property name="org.osgi.framework.storage" value="/home/simone/git/kura-apps/kura-examples/test/org.eclipse.kura.example.wire.math.singleport.provider.test/target/work/configuration"/>
    <property name="user.dir" value="/home/simone/git/kura-apps/kura-examples/test/org.eclipse.kura.example.wire.math.singleport.provider.test"/>
    <property name="os.arch" value="amd64"/>
    <property name="osgi.ws" value="gtk"/>
    <property name="osgi.instance.area" value="file:/home/simone/git/kura-apps/kura-examples/test/org.eclipse.kura.example.wire.math.singleport.provider.test/target/work/data/"/>
    <property name="eclipse.startTime" value="1741952908977"/>
    <property name="org.osgi.framework.os.version" value="6.8.0"/>
    <property name="java.vm.info" value="mixed mode, sharing"/>
    <property name="java.vm.version" value="17.0.14+7-Ubuntu-122.04.1"/>
    <property name="java.class.version" value="61.0"/>
  </properties>
  <testcase name="maximumWireComponentHasDefaultProperties" classname="org.eclipse.kura.example.wire.math.singleport.maximum.test.MaximumComponentTest" time="0.071"/>
  <testcase name="maximumWireComponentExists" classname="org.eclipse.kura.example.wire.math.singleport.maximum.test.MaximumComponentTest" time="0.072"/>
  <testcase name="testMaximum" classname="org.eclipse.kura.example.wire.math.singleport.maximum.test.MaximumComponentTest" time="0.077"/>
</testsuite>